<?xml version="1.0" ?>
<coverage version="7.11.0" timestamp="1762202955807" lines-valid="15078" lines-covered="4413" line-rate="0.2927" branches-valid="4874" branches-covered="115" branch-rate="0.02359" complexity="0">
	<!-- Generated by coverage.py: https://coverage.readthedocs.io/en/7.11.0 -->
	<!-- Based on https://raw.githubusercontent.com/cobertura/web/master/htdocs/xml/coverage-04.dtd -->
	<sources>
		<source>/Users/jonathanbotha/GitHub/Hotpass/apps/data-platform</source>
	</sources>
	<packages>
		<package name="hotpass" line-rate="0.3068" branch-rate="0.03023" complexity="0">
			<classes>
				<class name="__init__.py" filename="hotpass/__init__.py" complexity="0" line-rate="1" branch-rate="1">
					<methods/>
					<lines>
						<line number="3" hits="1"/>
						<line number="4" hits="1"/>
						<line number="5" hits="1"/>
						<line number="6" hits="1"/>
						<line number="7" hits="1"/>
						<line number="8" hits="1"/>
						<line number="9" hits="1"/>
						<line number="10" hits="1"/>
						<line number="11" hits="1"/>
						<line number="12" hits="1"/>
						<line number="22" hits="1"/>
						<line number="24" hits="1"/>
						<line number="26" hits="1"/>
					</lines>
				</class>
				<class name="_compat_nameparser.py" filename="hotpass/_compat_nameparser.py" complexity="0" line-rate="0.3333" branch-rate="0.1429">
					<methods/>
					<lines>
						<line number="3" hits="1"/>
						<line number="5" hits="1"/>
						<line number="6" hits="1"/>
						<line number="7" hits="1"/>
						<line number="8" hits="1"/>
						<line number="11" hits="1"/>
						<line number="12" hits="1"/>
						<line number="13" hits="1" branch="true" condition-coverage="50% (1/2)" missing-branches="19"/>
						<line number="14" hits="1"/>
						<line number="15" hits="1"/>
						<line number="16" hits="1" branch="true" condition-coverage="50% (1/2)" missing-branches="19"/>
						<line number="17" hits="1"/>
						<line number="19" hits="0"/>
						<line number="20" hits="0"/>
						<line number="23" hits="0"/>
						<line number="24" hits="0"/>
						<line number="25" hits="0"/>
						<line number="26" hits="0"/>
						<line number="27" hits="0"/>
						<line number="28" hits="0"/>
						<line number="30" hits="0"/>
						<line number="31" hits="0"/>
						<line number="32" hits="0"/>
						<line number="33" hits="0"/>
						<line number="34" hits="0"/>
						<line number="35" hits="0"/>
						<line number="36" hits="0"/>
						<line number="38" hits="0"/>
						<line number="39" hits="0" branch="true" condition-coverage="0% (0/2)" missing-branches="40,41"/>
						<line number="40" hits="0"/>
						<line number="41" hits="0" branch="true" condition-coverage="0% (0/2)" missing-branches="42,43"/>
						<line number="42" hits="0"/>
						<line number="43" hits="0" branch="true" condition-coverage="0% (0/2)" missing-branches="44,45"/>
						<line number="44" hits="0"/>
						<line number="45" hits="0" branch="true" condition-coverage="0% (0/2)" missing-branches="46,47"/>
						<line number="46" hits="0"/>
						<line number="47" hits="0" branch="true" condition-coverage="0% (0/2)" missing-branches="48,49"/>
						<line number="48" hits="0"/>
						<line number="49" hits="0"/>
						<line number="51" hits="0"/>
						<line number="54" hits="1"/>
						<line number="56" hits="1"/>
					</lines>
				</class>
				<class name="_warning_filters.py" filename="hotpass/_warning_filters.py" complexity="0" line-rate="1" branch-rate="1">
					<methods/>
					<lines>
						<line number="3" hits="1"/>
						<line number="5" hits="1"/>
						<line number="7" hits="1"/>
						<line number="9" hits="1"/>
						<line number="16" hits="1"/>
						<line number="21" hits="1"/>
						<line number="26" hits="1"/>
						<line number="31" hits="1"/>
						<line number="36" hits="1"/>
						<line number="41" hits="1"/>
						<line number="46" hits="1"/>
						<line number="51" hits="1"/>
					</lines>
				</class>
				<class name="artifacts.py" filename="hotpass/artifacts.py" complexity="0" line-rate="0.375" branch-rate="0">
					<methods/>
					<lines>
						<line number="3" hits="1"/>
						<line number="5" hits="1"/>
						<line number="6" hits="1"/>
						<line number="7" hits="1"/>
						<line number="8" hits="1"/>
						<line number="9" hits="1"/>
						<line number="11" hits="1"/>
						<line number="14" hits="1"/>
						<line number="46" hits="0"/>
						<line number="48" hits="0"/>
						<line number="49" hits="0"/>
						<line number="51" hits="0" branch="true" condition-coverage="0% (0/2)" missing-branches="52,53"/>
						<line number="52" hits="0"/>
						<line number="53" hits="0"/>
						<line number="55" hits="0"/>
						<line number="56" hits="0"/>
						<line number="58" hits="0"/>
						<line number="59" hits="0"/>
						<line number="60" hits="0"/>
						<line number="62" hits="0" branch="true" condition-coverage="0% (0/2)" missing-branches="63,66"/>
						<line number="63" hits="0"/>
						<line number="64" hits="0"/>
						<line number="66" hits="0"/>
						<line number="69" hits="1"/>
					</lines>
				</class>
				<class name="benchmarks.py" filename="hotpass/benchmarks.py" complexity="0" line-rate="0.3636" branch-rate="0">
					<methods/>
					<lines>
						<line number="3" hits="1"/>
						<line number="5" hits="1"/>
						<line number="6" hits="1"/>
						<line number="7" hits="1"/>
						<line number="9" hits="1"/>
						<line number="10" hits="1"/>
						<line number="13" hits="1"/>
						<line number="14" hits="1"/>
						<line number="17" hits="1"/>
						<line number="18" hits="1"/>
						<line number="19" hits="1"/>
						<line number="21" hits="1"/>
						<line number="22" hits="0"/>
						<line number="29" hits="1"/>
						<line number="30" hits="0" branch="true" condition-coverage="0% (0/2)" missing-branches="31,32"/>
						<line number="31" hits="0"/>
						<line number="32" hits="0"/>
						<line number="35" hits="1"/>
						<line number="52" hits="1"/>
						<line number="55" hits="0"/>
						<line number="58" hits="1"/>
						<line number="69" hits="0" branch="true" condition-coverage="0% (0/2)" missing-branches="70,73"/>
						<line number="70" hits="0"/>
						<line number="71" hits="0"/>
						<line number="73" hits="0"/>
						<line number="74" hits="0"/>
						<line number="75" hits="0"/>
						<line number="77" hits="0" branch="true" condition-coverage="0% (0/2)" missing-branches="78,98"/>
						<line number="78" hits="0"/>
						<line number="85" hits="0"/>
						<line number="86" hits="0"/>
						<line number="87" hits="0"/>
						<line number="89" hits="0" branch="true" condition-coverage="0% (0/2)" missing-branches="77,90"/>
						<line number="90" hits="0" branch="true" condition-coverage="0% (0/2)" missing-branches="91,95"/>
						<line number="91" hits="0" branch="true" condition-coverage="0% (0/2)" missing-branches="92,94"/>
						<line number="92" hits="0" branch="true" condition-coverage="0% (0/2)" missing-branches="91,93"/>
						<line number="93" hits="0"/>
						<line number="94" hits="0"/>
						<line number="95" hits="0" branch="true" condition-coverage="0% (0/2)" missing-branches="89,96"/>
						<line number="96" hits="0"/>
						<line number="98" hits="0"/>
						<line number="99" hits="0" branch="true" condition-coverage="0% (0/2)" missing-branches="100,104"/>
						<line number="100" hits="0"/>
						<line number="104" hits="0"/>
					</lines>
				</class>
				<class name="cli_enhanced.py" filename="hotpass/cli_enhanced.py" complexity="0" line-rate="0.6667" branch-rate="0.5">
					<methods/>
					<lines>
						<line number="3" hits="1"/>
						<line number="5" hits="1"/>
						<line number="6" hits="1"/>
						<line number="8" hits="1"/>
						<line number="9" hits="1"/>
						<line number="11" hits="1"/>
						<line number="16" hits="1"/>
						<line number="19" hits="1"/>
						<line number="22" hits="0"/>
						<line number="25" hits="1"/>
						<line number="28" hits="0"/>
						<line number="29" hits="0"/>
						<line number="30" hits="0"/>
						<line number="33" hits="1" branch="true" condition-coverage="50% (1/2)" missing-branches="34"/>
						<line number="34" hits="0"/>
					</lines>
				</class>
				<class name="column_mapping.py" filename="hotpass/column_mapping.py" complexity="0" line-rate="0.1293" branch-rate="0">
					<methods/>
					<lines>
						<line number="3" hits="1"/>
						<line number="5" hits="1"/>
						<line number="6" hits="1"/>
						<line number="7" hits="1"/>
						<line number="8" hits="1"/>
						<line number="10" hits="1"/>
						<line number="13" hits="1"/>
						<line number="16" hits="1"/>
						<line number="23" hits="0"/>
						<line number="24" hits="0"/>
						<line number="26" hits="1"/>
						<line number="28" hits="0" branch="true" condition-coverage="0% (0/2)" missing-branches="29,32"/>
						<line number="29" hits="0"/>
						<line number="32" hits="0"/>
						<line number="35" hits="0"/>
						<line number="36" hits="0"/>
						<line number="37" hits="0"/>
						<line number="40" hits="0"/>
						<line number="41" hits="0"/>
						<line number="43" hits="1"/>
						<line number="45" hits="0"/>
						<line number="47" hits="1"/>
						<line number="51" hits="0"/>
						<line number="54" hits="0" branch="true" condition-coverage="0% (0/2)" missing-branches="55,58"/>
						<line number="55" hits="0"/>
						<line number="58" hits="0" branch="true" condition-coverage="0% (0/2)" missing-branches="59,63"/>
						<line number="59" hits="0" branch="true" condition-coverage="0% (0/2)" missing-branches="58,60"/>
						<line number="60" hits="0"/>
						<line number="63" hits="0"/>
						<line number="64" hits="0"/>
						<line number="66" hits="0" branch="true" condition-coverage="0% (0/2)" missing-branches="67,74"/>
						<line number="67" hits="0"/>
						<line number="70" hits="0" branch="true" condition-coverage="0% (0/2)" missing-branches="66,71"/>
						<line number="71" hits="0"/>
						<line number="72" hits="0"/>
						<line number="74" hits="0"/>
						<line number="76" hits="1"/>
						<line number="92" hits="0"/>
						<line number="93" hits="0"/>
						<line number="94" hits="0"/>
						<line number="96" hits="0" branch="true" condition-coverage="0% (0/2)" missing-branches="97,119"/>
						<line number="97" hits="0"/>
						<line number="98" hits="0"/>
						<line number="101" hits="0" branch="true" condition-coverage="0% (0/2)" missing-branches="102,109"/>
						<line number="102" hits="0"/>
						<line number="104" hits="0" branch="true" condition-coverage="0% (0/2)" missing-branches="101,105"/>
						<line number="105" hits="0"/>
						<line number="106" hits="0"/>
						<line number="109" hits="0" branch="true" condition-coverage="0% (0/2)" missing-branches="110,111"/>
						<line number="110" hits="0"/>
						<line number="111" hits="0" branch="true" condition-coverage="0% (0/2)" missing-branches="113,117"/>
						<line number="113" hits="0" branch="true" condition-coverage="0% (0/2)" missing-branches="114,115"/>
						<line number="114" hits="0"/>
						<line number="115" hits="0"/>
						<line number="117" hits="0"/>
						<line number="119" hits="0"/>
						<line number="125" hits="1"/>
						<line number="137" hits="0"/>
						<line number="139" hits="0"/>
						<line number="142" hits="1"/>
						<line number="149" hits="0"/>
						<line number="151" hits="0"/>
						<line number="152" hits="0"/>
						<line number="153" hits="0"/>
						<line number="155" hits="0" branch="true" condition-coverage="0% (0/2)" missing-branches="157,219"/>
						<line number="157" hits="0" branch="true" condition-coverage="0% (0/2)" missing-branches="158,162"/>
						<line number="158" hits="0"/>
						<line number="159" hits="0"/>
						<line number="162" hits="0"/>
						<line number="164" hits="0" branch="true" condition-coverage="0% (0/2)" missing-branches="165,169"/>
						<line number="165" hits="0"/>
						<line number="166" hits="0"/>
						<line number="169" hits="0"/>
						<line number="170" hits="0" branch="true" condition-coverage="0% (0/2)" missing-branches="171,175"/>
						<line number="171" hits="0"/>
						<line number="172" hits="0"/>
						<line number="175" hits="0"/>
						<line number="178" hits="0" branch="true" condition-coverage="0% (0/2)" missing-branches="179,183"/>
						<line number="179" hits="0"/>
						<line number="180" hits="0"/>
						<line number="183" hits="0"/>
						<line number="184" hits="0" branch="true" condition-coverage="0% (0/2)" missing-branches="185,189"/>
						<line number="185" hits="0"/>
						<line number="186" hits="0"/>
						<line number="189" hits="0"/>
						<line number="190" hits="0"/>
						<line number="191" hits="0"/>
						<line number="196" hits="0"/>
						<line number="197" hits="0" branch="true" condition-coverage="0% (0/2)" missing-branches="198,204"/>
						<line number="198" hits="0"/>
						<line number="199" hits="0"/>
						<line number="200" hits="0"/>
						<line number="201" hits="0"/>
						<line number="204" hits="0"/>
						<line number="205" hits="0"/>
						<line number="206" hits="0" branch="true" condition-coverage="0% (0/2)" missing-branches="207,213"/>
						<line number="207" hits="0"/>
						<line number="208" hits="0"/>
						<line number="209" hits="0"/>
						<line number="210" hits="0"/>
						<line number="213" hits="0"/>
						<line number="214" hits="0" branch="true" condition-coverage="0% (0/2)" missing-branches="215,217"/>
						<line number="215" hits="0"/>
						<line number="217" hits="0"/>
						<line number="219" hits="0"/>
						<line number="222" hits="1"/>
						<line number="234" hits="0"/>
						<line number="242" hits="0" branch="true" condition-coverage="0% (0/2)" missing-branches="243,258"/>
						<line number="243" hits="0"/>
						<line number="252" hits="0"/>
						<line number="253" hits="0"/>
						<line number="255" hits="0"/>
						<line number="258" hits="0"/>
						<line number="259" hits="0"/>
						<line number="262" hits="0"/>
						<line number="264" hits="0"/>
					</lines>
				</class>
				<class name="compliance.py" filename="hotpass/compliance.py" complexity="0" line-rate="0.2673" branch-rate="0.007937">
					<methods/>
					<lines>
						<line number="11" hits="1"/>
						<line number="12" hits="1"/>
						<line number="13" hits="1"/>
						<line number="14" hits="1"/>
						<line number="15" hits="1"/>
						<line number="16" hits="1"/>
						<line number="17" hits="1"/>
						<line number="18" hits="1"/>
						<line number="20" hits="1"/>
						<line number="22" hits="1"/>
						<line number="25" hits="1"/>
						<line number="26" hits="1"/>
						<line number="27" hits="1"/>
						<line number="28" hits="1"/>
						<line number="29" hits="1"/>
						<line number="32" hits="1"/>
						<line number="33" hits="1"/>
						<line number="43" hits="1"/>
						<line number="44" hits="1"/>
						<line number="47" hits="1"/>
						<line number="48" hits="1"/>
						<line number="58" hits="1"/>
						<line number="59" hits="1"/>
						<line number="60" hits="1"/>
						<line number="65" hits="1"/>
						<line number="66" hits="1"/>
						<line number="67" hits="1"/>
						<line number="68" hits="1"/>
						<line number="70" hits="1"/>
						<line number="71" hits="1"/>
						<line number="72" hits="0"/>
						<line number="73" hits="0"/>
						<line number="75" hits="0"/>
						<line number="76" hits="0"/>
						<line number="77" hits="0"/>
						<line number="78" hits="0"/>
						<line number="79" hits="1"/>
						<line number="88" hits="1"/>
						<line number="89" hits="1"/>
						<line number="90" hits="1"/>
						<line number="91" hits="1"/>
						<line number="93" hits="1" branch="true" condition-coverage="50% (1/2)" missing-branches="97"/>
						<line number="94" hits="1"/>
						<line number="97" hits="1"/>
						<line number="108" hits="1"/>
						<line number="109" hits="1"/>
						<line number="112" hits="1"/>
						<line number="113" hits="1"/>
						<line number="114" hits="1"/>
						<line number="115" hits="1"/>
						<line number="116" hits="1"/>
						<line number="117" hits="1"/>
						<line number="118" hits="1"/>
						<line number="120" hits="1"/>
						<line number="123" hits="0" branch="true" condition-coverage="0% (0/2)" missing-branches="exit,124"/>
						<line number="124" hits="0" branch="true" condition-coverage="0% (0/2)" missing-branches="123,125"/>
						<line number="125" hits="0"/>
						<line number="128" hits="1"/>
						<line number="131" hits="1"/>
						<line number="132" hits="0"/>
						<line number="133" hits="0"/>
						<line number="136" hits="1"/>
						<line number="139" hits="1"/>
						<line number="140" hits="1"/>
						<line number="141" hits="1"/>
						<line number="142" hits="1"/>
						<line number="143" hits="1"/>
						<line number="146" hits="1"/>
						<line number="149" hits="1"/>
						<line number="150" hits="1"/>
						<line number="151" hits="1"/>
						<line number="152" hits="1"/>
						<line number="153" hits="1"/>
						<line number="154" hits="1"/>
						<line number="157" hits="1"/>
						<line number="160" hits="1"/>
						<line number="163" hits="0"/>
						<line number="164" hits="0"/>
						<line number="166" hits="0"/>
						<line number="167" hits="0"/>
						<line number="169" hits="0" branch="true" condition-coverage="0% (0/2)" missing-branches="170,173"/>
						<line number="170" hits="0"/>
						<line number="171" hits="0"/>
						<line number="173" hits="0"/>
						<line number="174" hits="0"/>
						<line number="175" hits="0"/>
						<line number="181" hits="1"/>
						<line number="194" hits="0" branch="true" condition-coverage="0% (0/2)" missing-branches="195,198"/>
						<line number="195" hits="0"/>
						<line number="196" hits="0"/>
						<line number="198" hits="0" branch="true" condition-coverage="0% (0/2)" missing-branches="199,201"/>
						<line number="199" hits="0"/>
						<line number="201" hits="0"/>
						<line number="202" hits="0"/>
						<line number="204" hits="0"/>
						<line number="215" hits="0"/>
						<line number="216" hits="0"/>
						<line number="217" hits="0"/>
						<line number="219" hits="1"/>
						<line number="236" hits="0" branch="true" condition-coverage="0% (0/2)" missing-branches="237,240"/>
						<line number="237" hits="0"/>
						<line number="238" hits="0"/>
						<line number="240" hits="0" branch="true" condition-coverage="0% (0/2)" missing-branches="241,243"/>
						<line number="241" hits="0"/>
						<line number="243" hits="0"/>
						<line number="245" hits="0"/>
						<line number="247" hits="0" branch="true" condition-coverage="0% (0/2)" missing-branches="248,251"/>
						<line number="248" hits="0"/>
						<line number="251" hits="0"/>
						<line number="252" hits="0"/>
						<line number="258" hits="0"/>
						<line number="260" hits="0"/>
						<line number="261" hits="0"/>
						<line number="262" hits="0"/>
						<line number="265" hits="1"/>
						<line number="278" hits="0"/>
						<line number="280" hits="0" branch="true" condition-coverage="0% (0/2)" missing-branches="281,285"/>
						<line number="281" hits="0"/>
						<line number="282" hits="0"/>
						<line number="285" hits="0" branch="true" condition-coverage="0% (0/2)" missing-branches="286,288"/>
						<line number="286" hits="0"/>
						<line number="288" hits="0"/>
						<line number="291" hits="0" branch="true" condition-coverage="0% (0/2)" missing-branches="292,310"/>
						<line number="292" hits="0"/>
						<line number="293" hits="0"/>
						<line number="295" hits="0"/>
						<line number="296" hits="0"/>
						<line number="298" hits="0" branch="true" condition-coverage="0% (0/2)" missing-branches="291,299"/>
						<line number="299" hits="0" branch="true" condition-coverage="0% (0/2)" missing-branches="300,302"/>
						<line number="300" hits="0"/>
						<line number="302" hits="0"/>
						<line number="304" hits="0" branch="true" condition-coverage="0% (0/2)" missing-branches="298,305"/>
						<line number="305" hits="0"/>
						<line number="306" hits="0"/>
						<line number="310" hits="0"/>
						<line number="311" hits="0"/>
						<line number="313" hits="0"/>
						<line number="316" hits="1"/>
						<line number="329" hits="0"/>
						<line number="331" hits="0" branch="true" condition-coverage="0% (0/2)" missing-branches="332,336"/>
						<line number="332" hits="0"/>
						<line number="333" hits="0"/>
						<line number="336" hits="0" branch="true" condition-coverage="0% (0/2)" missing-branches="337,339"/>
						<line number="337" hits="0"/>
						<line number="339" hits="0"/>
						<line number="342" hits="0"/>
						<line number="343" hits="0" branch="true" condition-coverage="0% (0/2)" missing-branches="344,354"/>
						<line number="344" hits="0" branch="true" condition-coverage="0% (0/2)" missing-branches="343,345"/>
						<line number="345" hits="0" branch="true" condition-coverage="0% (0/2)" missing-branches="346,348"/>
						<line number="346" hits="0"/>
						<line number="348" hits="0"/>
						<line number="350" hits="0" branch="true" condition-coverage="0% (0/2)" missing-branches="344,351"/>
						<line number="351" hits="0"/>
						<line number="352" hits="0"/>
						<line number="354" hits="0"/>
						<line number="356" hits="0"/>
						<line number="359" hits="1"/>
						<line number="364" hits="0"/>
						<line number="365" hits="0" branch="true" condition-coverage="0% (0/2)" missing-branches="366,374"/>
						<line number="366" hits="0"/>
						<line number="367" hits="0"/>
						<line number="368" hits="0" branch="true" condition-coverage="0% (0/2)" missing-branches="369,373"/>
						<line number="369" hits="0"/>
						<line number="370" hits="0"/>
						<line number="373" hits="0"/>
						<line number="374" hits="0"/>
						<line number="377" hits="1"/>
						<line number="385" hits="0" branch="true" condition-coverage="0% (0/2)" missing-branches="386,388"/>
						<line number="386" hits="0"/>
						<line number="388" hits="0"/>
						<line number="389" hits="0" branch="true" condition-coverage="0% (0/2)" missing-branches="390,393"/>
						<line number="390" hits="0"/>
						<line number="391" hits="0"/>
						<line number="393" hits="0"/>
						<line number="394" hits="0"/>
						<line number="396" hits="0" branch="true" condition-coverage="0% (0/2)" missing-branches="397,466"/>
						<line number="397" hits="0" branch="true" condition-coverage="0% (0/2)" missing-branches="396,398"/>
						<line number="398" hits="0" branch="true" condition-coverage="0% (0/2)" missing-branches="399,401"/>
						<line number="399" hits="0"/>
						<line number="401" hits="0" branch="true" condition-coverage="0% (0/2)" missing-branches="402,435"/>
						<line number="402" hits="0"/>
						<line number="403" hits="0" branch="true" condition-coverage="0% (0/2)" missing-branches="404,431"/>
						<line number="404" hits="0" branch="true" condition-coverage="0% (0/2)" missing-branches="405,406"/>
						<line number="405" hits="0"/>
						<line number="406" hits="0"/>
						<line number="407" hits="0"/>
						<line number="412" hits="0" branch="true" condition-coverage="0% (0/2)" missing-branches="413,414"/>
						<line number="413" hits="0"/>
						<line number="414" hits="0"/>
						<line number="420" hits="0"/>
						<line number="421" hits="0"/>
						<line number="431" hits="0" branch="true" condition-coverage="0% (0/2)" missing-branches="432,433"/>
						<line number="432" hits="0"/>
						<line number="433" hits="0"/>
						<line number="435" hits="0"/>
						<line number="436" hits="0" branch="true" condition-coverage="0% (0/2)" missing-branches="437,439"/>
						<line number="437" hits="0"/>
						<line number="439" hits="0"/>
						<line number="444" hits="0" branch="true" condition-coverage="0% (0/2)" missing-branches="445,447"/>
						<line number="445" hits="0"/>
						<line number="447" hits="0"/>
						<line number="453" hits="0" branch="true" condition-coverage="0% (0/2)" missing-branches="454,455"/>
						<line number="454" hits="0"/>
						<line number="455" hits="0"/>
						<line number="466" hits="0" branch="true" condition-coverage="0% (0/2)" missing-branches="467,473"/>
						<line number="467" hits="0"/>
						<line number="473" hits="0"/>
						<line number="476" hits="1"/>
						<line number="479" hits="1"/>
						<line number="485" hits="0"/>
						<line number="487" hits="0"/>
						<line number="488" hits="0"/>
						<line number="492" hits="0"/>
						<line number="493" hits="0"/>
						<line number="499" hits="0"/>
						<line number="500" hits="0"/>
						<line number="506" hits="0" branch="true" condition-coverage="0% (0/2)" missing-branches="507,512"/>
						<line number="507" hits="0"/>
						<line number="512" hits="0"/>
						<line number="513" hits="0"/>
						<line number="520" hits="0"/>
						<line number="527" hits="0"/>
						<line number="535" hits="1"/>
						<line number="544" hits="0"/>
						<line number="547" hits="0"/>
						<line number="549" hits="1"/>
						<line number="558" hits="0" branch="true" condition-coverage="0% (0/2)" missing-branches="559,560"/>
						<line number="559" hits="0"/>
						<line number="560" hits="0"/>
						<line number="562" hits="1"/>
						<line number="571" hits="0" branch="true" condition-coverage="0% (0/2)" missing-branches="572,573"/>
						<line number="572" hits="0"/>
						<line number="573" hits="0"/>
						<line number="575" hits="1"/>
						<line number="584" hits="0"/>
						<line number="585" hits="0"/>
						<line number="587" hits="1"/>
						<line number="596" hits="0"/>
						<line number="597" hits="0"/>
						<line number="598" hits="0"/>
						<line number="599" hits="0"/>
						<line number="600" hits="0"/>
						<line number="601" hits="0"/>
						<line number="602" hits="0"/>
						<line number="605" hits="0" branch="true" condition-coverage="0% (0/2)" missing-branches="606,623"/>
						<line number="606" hits="0"/>
						<line number="607" hits="0"/>
						<line number="609" hits="0" branch="true" condition-coverage="0% (0/2)" missing-branches="613,615"/>
						<line number="613" hits="0"/>
						<line number="615" hits="0" branch="true" condition-coverage="0% (0/2)" missing-branches="616,618"/>
						<line number="616" hits="0"/>
						<line number="618" hits="0"/>
						<line number="619" hits="0" branch="true" condition-coverage="0% (0/2)" missing-branches="605,620"/>
						<line number="620" hits="0"/>
						<line number="623" hits="0" branch="true" condition-coverage="0% (0/2)" missing-branches="624,626"/>
						<line number="624" hits="0"/>
						<line number="626" hits="0" branch="true" condition-coverage="0% (0/2)" missing-branches="627,629"/>
						<line number="627" hits="0"/>
						<line number="629" hits="0"/>
						<line number="630" hits="0" branch="true" condition-coverage="0% (0/2)" missing-branches="631,668"/>
						<line number="631" hits="0" branch="true" condition-coverage="0% (0/2)" missing-branches="632,640"/>
						<line number="632" hits="0"/>
						<line number="635" hits="0"/>
						<line number="640" hits="0" branch="true" condition-coverage="0% (0/2)" missing-branches="641,668"/>
						<line number="641" hits="0"/>
						<line number="647" hits="0" branch="true" condition-coverage="0% (0/2)" missing-branches="648,650"/>
						<line number="648" hits="0"/>
						<line number="650" hits="0"/>
						<line number="651" hits="0"/>
						<line number="652" hits="0" branch="true" condition-coverage="0% (0/2)" missing-branches="653,655"/>
						<line number="653" hits="0"/>
						<line number="655" hits="0"/>
						<line number="657" hits="0"/>
						<line number="658" hits="0" branch="true" condition-coverage="0% (0/2)" missing-branches="640,659"/>
						<line number="659" hits="0"/>
						<line number="668" hits="0" branch="true" condition-coverage="0% (0/2)" missing-branches="669,674"/>
						<line number="669" hits="0"/>
						<line number="672" hits="0"/>
						<line number="674" hits="0"/>
						<line number="688" hits="1"/>
						<line number="691" hits="0"/>
						<line number="692" hits="0" branch="true" condition-coverage="0% (0/2)" missing-branches="exit,693"/>
						<line number="693" hits="0"/>
						<line number="698" hits="1"/>
						<line number="699" hits="1"/>
						<line number="700" hits="0" branch="true" condition-coverage="0% (0/2)" missing-branches="701,702"/>
						<line number="701" hits="0"/>
						<line number="702" hits="0" branch="true" condition-coverage="0% (0/2)" missing-branches="703,704"/>
						<line number="703" hits="0"/>
						<line number="704" hits="0"/>
						<line number="706" hits="1"/>
						<line number="707" hits="1"/>
						<line number="708" hits="0" branch="true" condition-coverage="0% (0/2)" missing-branches="709,710"/>
						<line number="709" hits="0"/>
						<line number="710" hits="0"/>
						<line number="711" hits="0"/>
						<line number="713" hits="1"/>
						<line number="714" hits="0" branch="true" condition-coverage="0% (0/2)" missing-branches="715,716"/>
						<line number="715" hits="0"/>
						<line number="716" hits="0" branch="true" condition-coverage="0% (0/2)" missing-branches="717,718"/>
						<line number="717" hits="0"/>
						<line number="718" hits="0" branch="true" condition-coverage="0% (0/2)" missing-branches="719,720"/>
						<line number="719" hits="0"/>
						<line number="720" hits="0" branch="true" condition-coverage="0% (0/2)" missing-branches="721,722"/>
						<line number="721" hits="0"/>
						<line number="722" hits="0"/>
						<line number="725" hits="1"/>
						<line number="738" hits="0"/>
						<line number="741" hits="0"/>
						<line number="742" hits="0"/>
						<line number="743" hits="0" branch="true" condition-coverage="0% (0/2)" missing-branches="744,748"/>
						<line number="744" hits="0"/>
						<line number="748" hits="0"/>
						<line number="749" hits="0" branch="true" condition-coverage="0% (0/2)" missing-branches="750,751"/>
						<line number="750" hits="0"/>
						<line number="751" hits="0"/>
						<line number="753" hits="0"/>
						<line number="755" hits="0"/>
					</lines>
				</class>
				<class name="compliance_verification.py" filename="hotpass/compliance_verification.py" complexity="0" line-rate="0.2871" branch-rate="0">
					<methods/>
					<lines>
						<line number="9" hits="1"/>
						<line number="11" hits="1"/>
						<line number="12" hits="1"/>
						<line number="13" hits="1"/>
						<line number="14" hits="1"/>
						<line number="15" hits="1"/>
						<line number="16" hits="1"/>
						<line number="18" hits="1"/>
						<line number="19" hits="1"/>
						<line number="20" hits="1"/>
						<line number="23" hits="1"/>
						<line number="24" hits="1"/>
						<line number="27" hits="1"/>
						<line number="28" hits="1"/>
						<line number="29" hits="1"/>
						<line number="30" hits="1"/>
						<line number="31" hits="1"/>
						<line number="33" hits="1"/>
						<line number="34" hits="0"/>
						<line number="42" hits="1"/>
						<line number="43" hits="1"/>
						<line number="44" hits="0"/>
						<line number="45" hits="0" branch="true" condition-coverage="0% (0/2)" missing-branches="46,50"/>
						<line number="46" hits="0"/>
						<line number="47" hits="0" branch="true" condition-coverage="0% (0/2)" missing-branches="48,51"/>
						<line number="48" hits="0"/>
						<line number="50" hits="0"/>
						<line number="51" hits="0"/>
						<line number="52" hits="0"/>
						<line number="53" hits="0"/>
						<line number="54" hits="0"/>
						<line number="63" hits="1"/>
						<line number="64" hits="0" branch="true" condition-coverage="0% (0/2)" missing-branches="65,66"/>
						<line number="65" hits="0"/>
						<line number="66" hits="0"/>
						<line number="69" hits="1"/>
						<line number="72" hits="0"/>
						<line number="73" hits="0" branch="true" condition-coverage="0% (0/2)" missing-branches="74,76"/>
						<line number="74" hits="0"/>
						<line number="76" hits="0"/>
						<line number="77" hits="0"/>
						<line number="79" hits="0" branch="true" condition-coverage="0% (0/2)" missing-branches="80,83"/>
						<line number="80" hits="0"/>
						<line number="81" hits="0"/>
						<line number="83" hits="0"/>
						<line number="84" hits="0" branch="true" condition-coverage="0% (0/2)" missing-branches="85,88"/>
						<line number="85" hits="0" branch="true" condition-coverage="0% (0/2)" missing-branches="86,87"/>
						<line number="86" hits="0"/>
						<line number="87" hits="0"/>
						<line number="88" hits="0"/>
						<line number="91" hits="1"/>
						<line number="96" hits="0"/>
						<line number="97" hits="0"/>
						<line number="98" hits="0"/>
						<line number="99" hits="0"/>
						<line number="100" hits="0"/>
						<line number="101" hits="0"/>
						<line number="102" hits="0"/>
						<line number="105" hits="1"/>
						<line number="116" hits="0"/>
						<line number="117" hits="0"/>
						<line number="118" hits="0"/>
						<line number="119" hits="0"/>
						<line number="120" hits="0"/>
						<line number="122" hits="0" branch="true" condition-coverage="0% (0/2)" missing-branches="123,132"/>
						<line number="123" hits="0"/>
						<line number="130" hits="0"/>
						<line number="132" hits="0"/>
						<line number="135" hits="1"/>
						<line number="136" hits="0"/>
						<line number="137" hits="0" branch="true" condition-coverage="0% (0/2)" missing-branches="138,142"/>
						<line number="138" hits="0" branch="true" condition-coverage="0% (0/2)" missing-branches="139,140"/>
						<line number="139" hits="0"/>
						<line number="140" hits="0" branch="true" condition-coverage="0% (0/2)" missing-branches="137,141"/>
						<line number="141" hits="0"/>
						<line number="142" hits="0"/>
						<line number="145" hits="1"/>
						<line number="154" hits="0"/>
						<line number="155" hits="0"/>
						<line number="156" hits="0" branch="true" condition-coverage="0% (0/2)" missing-branches="157,159"/>
						<line number="157" hits="0"/>
						<line number="159" hits="0"/>
						<line number="160" hits="0"/>
						<line number="161" hits="0"/>
						<line number="164" hits="1"/>
						<line number="173" hits="0"/>
						<line number="174" hits="0"/>
						<line number="186" hits="1"/>
						<line number="195" hits="0"/>
						<line number="196" hits="0"/>
						<line number="197" hits="0"/>
						<line number="199" hits="0"/>
						<line number="204" hits="0" branch="true" condition-coverage="0% (0/2)" missing-branches="205,229"/>
						<line number="205" hits="0"/>
						<line number="206" hits="0" branch="true" condition-coverage="0% (0/2)" missing-branches="207,217"/>
						<line number="207" hits="0"/>
						<line number="214" hits="0"/>
						<line number="217" hits="0"/>
						<line number="221" hits="0"/>
						<line number="229" hits="0"/>
						<line number="232" hits="1"/>
					</lines>
				</class>
				<class name="config.py" filename="hotpass/config.py" complexity="0" line-rate="0.8974" branch-rate="0.75">
					<methods/>
					<lines>
						<line number="3" hits="1"/>
						<line number="5" hits="1"/>
						<line number="6" hits="1"/>
						<line number="7" hits="1"/>
						<line number="8" hits="1"/>
						<line number="10" hits="1"/>
						<line number="12" hits="1"/>
						<line number="14" hits="1"/>
						<line number="15" hits="1"/>
						<line number="20" hits="1"/>
						<line number="23" hits="1"/>
						<line number="24" hits="1"/>
						<line number="25" hits="1"/>
						<line number="26" hits="1"/>
						<line number="30" hits="1"/>
						<line number="31" hits="1"/>
						<line number="34" hits="1"/>
						<line number="36" hits="1" branch="true" condition-coverage="50% (1/2)" missing-branches="37"/>
						<line number="37" hits="0"/>
						<line number="39" hits="1"/>
						<line number="42" hits="1" branch="true" condition-coverage="100% (2/2)"/>
						<line number="43" hits="1"/>
						<line number="44" hits="1"/>
						<line number="45" hits="1"/>
						<line number="48" hits="1"/>
						<line number="49" hits="1" branch="true" condition-coverage="50% (1/2)" missing-branches="50"/>
						<line number="50" hits="0"/>
						<line number="51" hits="0"/>
						<line number="52" hits="0"/>
						<line number="55" hits="1"/>
						<line number="58" hits="1"/>
						<line number="60" hits="1" branch="true" condition-coverage="100% (2/2)"/>
						<line number="61" hits="1"/>
						<line number="122" hits="1"/>
						<line number="178" hits="1"/>
						<line number="180" hits="1"/>
						<line number="181" hits="1"/>
						<line number="183" hits="1"/>
						<line number="184" hits="1"/>
					</lines>
				</class>
				<class name="config_doctor.py" filename="hotpass/config_doctor.py" complexity="0" line-rate="0.2644" branch-rate="0">
					<methods/>
					<lines>
						<line number="3" hits="1"/>
						<line number="5" hits="1"/>
						<line number="6" hits="1"/>
						<line number="7" hits="1"/>
						<line number="8" hits="1"/>
						<line number="10" hits="1"/>
						<line number="11" hits="1"/>
						<line number="14" hits="1"/>
						<line number="15" hits="1"/>
						<line number="18" hits="1"/>
						<line number="19" hits="1"/>
						<line number="20" hits="1"/>
						<line number="21" hits="1"/>
						<line number="22" hits="1"/>
						<line number="35" hits="1"/>
						<line number="38" hits="1"/>
						<line number="39" hits="0"/>
						<line number="40" hits="0"/>
						<line number="42" hits="1"/>
						<line number="45" hits="0"/>
						<line number="46" hits="0"/>
						<line number="47" hits="0"/>
						<line number="48" hits="0"/>
						<line number="50" hits="1"/>
						<line number="51" hits="0"/>
						<line number="52" hits="0" branch="true" condition-coverage="0% (0/2)" missing-branches="53,62"/>
						<line number="53" hits="0"/>
						<line number="62" hits="0" branch="true" condition-coverage="0% (0/2)" missing-branches="63,73"/>
						<line number="63" hits="0"/>
						<line number="73" hits="0"/>
						<line number="81" hits="1"/>
						<line number="82" hits="0"/>
						<line number="83" hits="0"/>
						<line number="93" hits="1"/>
						<line number="96" hits="0" branch="true" condition-coverage="0% (0/2)" missing-branches="97,98"/>
						<line number="97" hits="0"/>
						<line number="98" hits="0"/>
						<line number="99" hits="0"/>
						<line number="100" hits="0"/>
						<line number="101" hits="0"/>
						<line number="102" hits="0"/>
						<line number="109" hits="1"/>
						<line number="112" hits="0"/>
						<line number="113" hits="0"/>
						<line number="114" hits="0" branch="true" condition-coverage="0% (0/2)" missing-branches="115,118"/>
						<line number="115" hits="0"/>
						<line number="116" hits="0"/>
						<line number="117" hits="0"/>
						<line number="118" hits="0" branch="true" condition-coverage="0% (0/2)" missing-branches="119,120"/>
						<line number="119" hits="0"/>
						<line number="120" hits="0"/>
						<line number="122" hits="1"/>
						<line number="127" hits="0"/>
						<line number="128" hits="0"/>
						<line number="130" hits="0"/>
						<line number="131" hits="0"/>
						<line number="133" hits="0" branch="true" condition-coverage="0% (0/2)" missing-branches="134,142"/>
						<line number="134" hits="0"/>
						<line number="135" hits="0"/>
						<line number="142" hits="0" branch="true" condition-coverage="0% (0/2)" missing-branches="143,144"/>
						<line number="143" hits="0"/>
						<line number="144" hits="0" branch="true" condition-coverage="0% (0/2)" missing-branches="145,146"/>
						<line number="145" hits="0"/>
						<line number="146" hits="0" branch="true" condition-coverage="0% (0/2)" missing-branches="147,148"/>
						<line number="147" hits="0"/>
						<line number="148" hits="0" branch="true" condition-coverage="0% (0/2)" missing-branches="149,151"/>
						<line number="149" hits="0"/>
						<line number="151" hits="0" branch="true" condition-coverage="0% (0/2)" missing-branches="152,161"/>
						<line number="152" hits="0"/>
						<line number="153" hits="0"/>
						<line number="161" hits="0" branch="true" condition-coverage="0% (0/2)" missing-branches="162,164"/>
						<line number="162" hits="0"/>
						<line number="164" hits="0"/>
						<line number="165" hits="0" branch="true" condition-coverage="0% (0/2)" missing-branches="166,190"/>
						<line number="166" hits="0"/>
						<line number="167" hits="0"/>
						<line number="168" hits="0"/>
						<line number="169" hits="0"/>
						<line number="170" hits="0"/>
						<line number="180" hits="0"/>
						<line number="181" hits="0"/>
						<line number="190" hits="0" branch="true" condition-coverage="0% (0/2)" missing-branches="191,193"/>
						<line number="191" hits="0"/>
						<line number="193" hits="0"/>
						<line number="195" hits="0"/>
						<line number="196" hits="0"/>
						<line number="199" hits="1"/>
					</lines>
				</class>
				<class name="config_schema.py" filename="hotpass/config_schema.py" complexity="0" line-rate="0.6095" branch-rate="0.008772">
					<methods/>
					<lines>
						<line number="3" hits="1"/>
						<line number="5" hits="1"/>
						<line number="6" hits="1"/>
						<line number="7" hits="1"/>
						<line number="8" hits="1"/>
						<line number="10" hits="1"/>
						<line number="19" hits="1"/>
						<line number="24" hits="1"/>
						<line number="27" hits="1"/>
						<line number="30" hits="1"/>
						<line number="32" hits="1"/>
						<line number="33" hits="1"/>
						<line number="34" hits="1"/>
						<line number="36" hits="1"/>
						<line number="37" hits="1"/>
						<line number="38" hits="1"/>
						<line number="39" hits="1"/>
						<line number="40" hits="1"/>
						<line number="41" hits="1"/>
						<line number="43" hits="1"/>
						<line number="44" hits="1"/>
						<line number="45" hits="1"/>
						<line number="47" hits="1"/>
						<line number="48" hits="1"/>
						<line number="49" hits="1"/>
						<line number="50" hits="1"/>
						<line number="51" hits="1"/>
						<line number="52" hits="1"/>
						<line number="53" hits="1"/>
						<line number="54" hits="1"/>
						<line number="55" hits="1"/>
						<line number="56" hits="1"/>
						<line number="57" hits="1"/>
						<line number="58" hits="1"/>
						<line number="59" hits="1"/>
						<line number="60" hits="1"/>
						<line number="61" hits="1"/>
						<line number="62" hits="1"/>
						<line number="63" hits="1"/>
						<line number="65" hits="1"/>
						<line number="66" hits="1"/>
						<line number="67" hits="0" branch="true" condition-coverage="0% (0/2)" missing-branches="68,69"/>
						<line number="68" hits="0"/>
						<line number="69" hits="0"/>
						<line number="71" hits="1"/>
						<line number="72" hits="1"/>
						<line number="73" hits="1"/>
						<line number="74" hits="1"/>
						<line number="75" hits="1" branch="true" condition-coverage="50% (1/2)" missing-branches="76"/>
						<line number="76" hits="0"/>
						<line number="77" hits="0"/>
						<line number="78" hits="1"/>
						<line number="80" hits="1"/>
						<line number="83" hits="0"/>
						<line number="85" hits="1"/>
						<line number="86" hits="1"/>
						<line number="89" hits="0"/>
						<line number="92" hits="1"/>
						<line number="95" hits="1"/>
						<line number="96" hits="1"/>
						<line number="97" hits="1"/>
						<line number="98" hits="1"/>
						<line number="99" hits="1"/>
						<line number="102" hits="1"/>
						<line number="105" hits="1"/>
						<line number="106" hits="1"/>
						<line number="107" hits="1"/>
						<line number="108" hits="1"/>
						<line number="109" hits="1"/>
						<line number="110" hits="1"/>
						<line number="111" hits="1"/>
						<line number="114" hits="1"/>
						<line number="117" hits="1"/>
						<line number="118" hits="1"/>
						<line number="119" hits="1"/>
						<line number="120" hits="1"/>
						<line number="121" hits="1"/>
						<line number="122" hits="1"/>
						<line number="123" hits="1"/>
						<line number="124" hits="1"/>
						<line number="125" hits="1"/>
						<line number="126" hits="1"/>
						<line number="127" hits="1"/>
						<line number="129" hits="1"/>
						<line number="132" hits="0"/>
						<line number="133" hits="0"/>
						<line number="134" hits="0" branch="true" condition-coverage="0% (0/2)" missing-branches="135,136"/>
						<line number="135" hits="0"/>
						<line number="136" hits="0" branch="true" condition-coverage="0% (0/2)" missing-branches="137,138"/>
						<line number="137" hits="0"/>
						<line number="138" hits="0" branch="true" condition-coverage="0% (0/2)" missing-branches="139,140"/>
						<line number="139" hits="0"/>
						<line number="140" hits="0" branch="true" condition-coverage="0% (0/2)" missing-branches="141,142"/>
						<line number="141" hits="0"/>
						<line number="142" hits="0" branch="true" condition-coverage="0% (0/2)" missing-branches="143,144"/>
						<line number="143" hits="0"/>
						<line number="144" hits="0" branch="true" condition-coverage="0% (0/2)" missing-branches="145,146"/>
						<line number="145" hits="0"/>
						<line number="146" hits="0"/>
						<line number="149" hits="1"/>
						<line number="150" hits="1"/>
						<line number="151" hits="1"/>
						<line number="152" hits="1"/>
						<line number="153" hits="1"/>
						<line number="156" hits="1"/>
						<line number="157" hits="1"/>
						<line number="158" hits="1"/>
						<line number="159" hits="1"/>
						<line number="160" hits="1"/>
						<line number="163" hits="1"/>
						<line number="164" hits="1"/>
						<line number="165" hits="1"/>
						<line number="166" hits="1"/>
						<line number="167" hits="1"/>
						<line number="168" hits="1"/>
						<line number="171" hits="1"/>
						<line number="172" hits="1"/>
						<line number="173" hits="1"/>
						<line number="174" hits="1"/>
						<line number="175" hits="1"/>
						<line number="176" hits="1"/>
						<line number="177" hits="1"/>
						<line number="178" hits="1"/>
						<line number="179" hits="1"/>
						<line number="180" hits="1"/>
						<line number="182" hits="1"/>
						<line number="183" hits="1"/>
						<line number="184" hits="1"/>
						<line number="185" hits="0" branch="true" condition-coverage="0% (0/2)" missing-branches="186,187"/>
						<line number="186" hits="0"/>
						<line number="187" hits="0"/>
						<line number="188" hits="0" branch="true" condition-coverage="0% (0/2)" missing-branches="189,192"/>
						<line number="189" hits="0"/>
						<line number="190" hits="0" branch="true" condition-coverage="0% (0/2)" missing-branches="188,191"/>
						<line number="191" hits="0"/>
						<line number="192" hits="0"/>
						<line number="195" hits="1"/>
						<line number="196" hits="1"/>
						<line number="197" hits="1"/>
						<line number="198" hits="1"/>
						<line number="199" hits="1"/>
						<line number="200" hits="1"/>
						<line number="203" hits="1"/>
						<line number="204" hits="1"/>
						<line number="205" hits="1"/>
						<line number="206" hits="1"/>
						<line number="207" hits="1"/>
						<line number="210" hits="1"/>
						<line number="211" hits="1"/>
						<line number="212" hits="1"/>
						<line number="213" hits="1"/>
						<line number="216" hits="1"/>
						<line number="217" hits="1"/>
						<line number="218" hits="1"/>
						<line number="219" hits="1"/>
						<line number="220" hits="1"/>
						<line number="221" hits="1"/>
						<line number="224" hits="1"/>
						<line number="225" hits="1"/>
						<line number="226" hits="1"/>
						<line number="229" hits="1"/>
						<line number="230" hits="1"/>
						<line number="231" hits="1"/>
						<line number="234" hits="1"/>
						<line number="235" hits="1"/>
						<line number="236" hits="1"/>
						<line number="237" hits="1"/>
						<line number="238" hits="1"/>
						<line number="239" hits="1"/>
						<line number="240" hits="1"/>
						<line number="241" hits="1"/>
						<line number="242" hits="1"/>
						<line number="243" hits="1"/>
						<line number="244" hits="1"/>
						<line number="245" hits="1"/>
						<line number="246" hits="1"/>
						<line number="247" hits="1"/>
						<line number="248" hits="1"/>
						<line number="249" hits="1"/>
						<line number="250" hits="1"/>
						<line number="251" hits="1"/>
						<line number="252" hits="1"/>
						<line number="253" hits="1"/>
						<line number="254" hits="1"/>
						<line number="255" hits="1"/>
						<line number="276" hits="1"/>
						<line number="277" hits="1"/>
						<line number="280" hits="1"/>
						<line number="283" hits="1"/>
						<line number="284" hits="1"/>
						<line number="285" hits="1"/>
						<line number="286" hits="1"/>
						<line number="287" hits="1"/>
						<line number="291" hits="1"/>
						<line number="292" hits="0"/>
						<line number="300" hits="1"/>
						<line number="301" hits="1"/>
						<line number="302" hits="1"/>
						<line number="304" hits="1"/>
						<line number="305" hits="0"/>
						<line number="311" hits="1"/>
						<line number="312" hits="1"/>
						<line number="313" hits="1"/>
						<line number="314" hits="1"/>
						<line number="317" hits="1"/>
						<line number="318" hits="1"/>
						<line number="319" hits="1"/>
						<line number="321" hits="1"/>
						<line number="322" hits="1"/>
						<line number="323" hits="1"/>
						<line number="324" hits="0"/>
						<line number="325" hits="0" branch="true" condition-coverage="0% (0/2)" missing-branches="326,328"/>
						<line number="326" hits="0"/>
						<line number="327" hits="0"/>
						<line number="328" hits="0"/>
						<line number="330" hits="1"/>
						<line number="331" hits="0"/>
						<line number="341" hits="1"/>
						<line number="344" hits="1"/>
						<line number="345" hits="1"/>
						<line number="346" hits="1"/>
						<line number="347" hits="1"/>
						<line number="348" hits="1"/>
						<line number="349" hits="1"/>
						<line number="350" hits="1"/>
						<line number="351" hits="1"/>
						<line number="352" hits="1"/>
						<line number="353" hits="1"/>
						<line number="354" hits="1"/>
						<line number="355" hits="1"/>
						<line number="356" hits="1"/>
						<line number="357" hits="1"/>
						<line number="358" hits="1"/>
						<line number="359" hits="1"/>
						<line number="360" hits="1"/>
						<line number="361" hits="1"/>
						<line number="362" hits="1"/>
						<line number="363" hits="1"/>
						<line number="364" hits="1"/>
						<line number="365" hits="1"/>
						<line number="366" hits="1"/>
						<line number="367" hits="1"/>
						<line number="368" hits="1"/>
						<line number="369" hits="1"/>
						<line number="370" hits="1"/>
						<line number="371" hits="1"/>
						<line number="372" hits="1"/>
						<line number="373" hits="1"/>
						<line number="374" hits="1"/>
						<line number="375" hits="1"/>
						<line number="376" hits="1"/>
						<line number="378" hits="1"/>
						<line number="379" hits="1"/>
						<line number="380" hits="1"/>
						<line number="381" hits="0" branch="true" condition-coverage="0% (0/2)" missing-branches="382,383"/>
						<line number="382" hits="0"/>
						<line number="383" hits="0"/>
						<line number="384" hits="0" branch="true" condition-coverage="0% (0/2)" missing-branches="385,389"/>
						<line number="385" hits="0"/>
						<line number="386" hits="0" branch="true" condition-coverage="0% (0/2)" missing-branches="384,387"/>
						<line number="387" hits="0" branch="true" condition-coverage="0% (0/2)" missing-branches="384,388"/>
						<line number="388" hits="0"/>
						<line number="389" hits="0"/>
						<line number="391" hits="1"/>
						<line number="392" hits="1"/>
						<line number="393" hits="1"/>
						<line number="394" hits="0" branch="true" condition-coverage="0% (0/2)" missing-branches="395,396"/>
						<line number="395" hits="0"/>
						<line number="396" hits="0" branch="true" condition-coverage="0% (0/2)" missing-branches="397,398"/>
						<line number="397" hits="0"/>
						<line number="398" hits="0"/>
						<line number="399" hits="0" branch="true" condition-coverage="0% (0/2)" missing-branches="400,403"/>
						<line number="400" hits="0"/>
						<line number="401" hits="0" branch="true" condition-coverage="0% (0/2)" missing-branches="399,402"/>
						<line number="402" hits="0"/>
						<line number="403" hits="0"/>
						<line number="405" hits="1"/>
						<line number="406" hits="1"/>
						<line number="407" hits="0" branch="true" condition-coverage="0% (0/2)" missing-branches="408,413"/>
						<line number="408" hits="0"/>
						<line number="409" hits="0" branch="true" condition-coverage="0% (0/2)" missing-branches="410,411"/>
						<line number="410" hits="0"/>
						<line number="411" hits="0" branch="true" condition-coverage="0% (0/2)" missing-branches="412,413"/>
						<line number="412" hits="0"/>
						<line number="413" hits="0"/>
						<line number="416" hits="1"/>
						<line number="419" hits="1"/>
						<line number="420" hits="1"/>
						<line number="421" hits="1"/>
						<line number="422" hits="1"/>
						<line number="423" hits="1"/>
						<line number="424" hits="1"/>
						<line number="425" hits="1"/>
						<line number="427" hits="1"/>
						<line number="428" hits="0"/>
						<line number="439" hits="1"/>
						<line number="442" hits="1"/>
						<line number="443" hits="1"/>
						<line number="444" hits="1"/>
						<line number="445" hits="1"/>
						<line number="446" hits="1"/>
						<line number="447" hits="1"/>
						<line number="449" hits="1"/>
						<line number="450" hits="0"/>
						<line number="453" hits="1"/>
						<line number="456" hits="1"/>
						<line number="457" hits="1"/>
						<line number="458" hits="1"/>
						<line number="459" hits="1"/>
						<line number="460" hits="1"/>
						<line number="461" hits="1"/>
						<line number="462" hits="1"/>
						<line number="463" hits="1"/>
						<line number="464" hits="1"/>
						<line number="466" hits="1"/>
						<line number="467" hits="1"/>
						<line number="468" hits="1"/>
						<line number="469" hits="0" branch="true" condition-coverage="0% (0/2)" missing-branches="470,471"/>
						<line number="470" hits="0"/>
						<line number="471" hits="0"/>
						<line number="472" hits="0" branch="true" condition-coverage="0% (0/2)" missing-branches="473,476"/>
						<line number="473" hits="0"/>
						<line number="474" hits="0" branch="true" condition-coverage="0% (0/2)" missing-branches="472,475"/>
						<line number="475" hits="0"/>
						<line number="476" hits="0"/>
						<line number="479" hits="1"/>
						<line number="482" hits="1"/>
						<line number="483" hits="1"/>
						<line number="484" hits="1"/>
						<line number="486" hits="1"/>
						<line number="487" hits="1"/>
						<line number="488" hits="1"/>
						<line number="489" hits="0" branch="true" condition-coverage="0% (0/2)" missing-branches="490,491"/>
						<line number="490" hits="0"/>
						<line number="491" hits="0" branch="true" condition-coverage="0% (0/2)" missing-branches="492,493"/>
						<line number="492" hits="0"/>
						<line number="493" hits="0"/>
						<line number="494" hits="0" branch="true" condition-coverage="0% (0/2)" missing-branches="495,498"/>
						<line number="495" hits="0"/>
						<line number="496" hits="0" branch="true" condition-coverage="0% (0/2)" missing-branches="494,497"/>
						<line number="497" hits="0"/>
						<line number="498" hits="0"/>
						<line number="500" hits="1"/>
						<line number="501" hits="1"/>
						<line number="502" hits="0" branch="true" condition-coverage="0% (0/2)" missing-branches="503,505"/>
						<line number="503" hits="0"/>
						<line number="504" hits="0"/>
						<line number="505" hits="0"/>
						<line number="508" hits="1"/>
						<line number="511" hits="1"/>
						<line number="512" hits="1"/>
						<line number="513" hits="1"/>
						<line number="514" hits="1"/>
						<line number="515" hits="1"/>
						<line number="516" hits="1"/>
						<line number="517" hits="1"/>
						<line number="518" hits="1"/>
						<line number="519" hits="1"/>
						<line number="520" hits="1"/>
						<line number="522" hits="1"/>
						<line number="525" hits="0"/>
						<line number="526" hits="0" branch="true" condition-coverage="0% (0/2)" missing-branches="527,533"/>
						<line number="527" hits="0"/>
						<line number="528" hits="0"/>
						<line number="529" hits="0" branch="true" condition-coverage="0% (0/2)" missing-branches="526,530"/>
						<line number="530" hits="0" branch="true" condition-coverage="0% (0/2)" missing-branches="531,532"/>
						<line number="531" hits="0"/>
						<line number="532" hits="0"/>
						<line number="533" hits="0"/>
						<line number="536" hits="1"/>
						<line number="539" hits="1"/>
						<line number="540" hits="1"/>
						<line number="541" hits="1"/>
						<line number="542" hits="1"/>
						<line number="543" hits="1"/>
						<line number="546" hits="1"/>
						<line number="549" hits="1"/>
						<line number="551" hits="1"/>
						<line number="552" hits="1"/>
						<line number="553" hits="1"/>
						<line number="554" hits="1"/>
						<line number="555" hits="1"/>
						<line number="556" hits="1"/>
						<line number="557" hits="1"/>
						<line number="558" hits="1"/>
						<line number="560" hits="1"/>
						<line number="561" hits="1"/>
						<line number="562" hits="0" branch="true" condition-coverage="0% (0/2)" missing-branches="563,565"/>
						<line number="563" hits="0"/>
						<line number="564" hits="0"/>
						<line number="565" hits="0"/>
						<line number="567" hits="1"/>
						<line number="570" hits="0"/>
						<line number="571" hits="0"/>
						<line number="572" hits="0"/>
						<line number="574" hits="0"/>
						<line number="575" hits="0" branch="true" condition-coverage="0% (0/2)" missing-branches="580,587"/>
						<line number="580" hits="0"/>
						<line number="587" hits="0"/>
						<line number="588" hits="0" branch="true" condition-coverage="0% (0/2)" missing-branches="589,591"/>
						<line number="589" hits="0"/>
						<line number="591" hits="0"/>
						<line number="607" hits="0"/>
						<line number="609" hits="0" branch="true" condition-coverage="0% (0/2)" missing-branches="610,626"/>
						<line number="610" hits="0"/>
						<line number="611" hits="0"/>
						<line number="612" hits="0" branch="true" condition-coverage="0% (0/2)" missing-branches="613,624"/>
						<line number="613" hits="0"/>
						<line number="614" hits="0"/>
						<line number="616" hits="0"/>
						<line number="620" hits="0" branch="true" condition-coverage="0% (0/2)" missing-branches="621,623"/>
						<line number="621" hits="0"/>
						<line number="623" hits="0"/>
						<line number="624" hits="0"/>
						<line number="626" hits="0" branch="true" condition-coverage="0% (0/2)" missing-branches="627,682"/>
						<line number="627" hits="0"/>
						<line number="636" hits="0"/>
						<line number="679" hits="0"/>
						<line number="680" hits="0"/>
						<line number="682" hits="0" branch="true" condition-coverage="0% (0/2)" missing-branches="683,714"/>
						<line number="683" hits="0"/>
						<line number="689" hits="0"/>
						<line number="711" hits="0"/>
						<line number="712" hits="0"/>
						<line number="714" hits="0" branch="true" condition-coverage="0% (0/2)" missing-branches="715,716"/>
						<line number="715" hits="0"/>
						<line number="716" hits="0" branch="true" condition-coverage="0% (0/2)" missing-branches="717,718"/>
						<line number="717" hits="0"/>
						<line number="718" hits="0" branch="true" condition-coverage="0% (0/2)" missing-branches="719,720"/>
						<line number="719" hits="0"/>
						<line number="720" hits="0" branch="true" condition-coverage="0% (0/2)" missing-branches="721,722"/>
						<line number="721" hits="0"/>
						<line number="722" hits="0" branch="true" condition-coverage="0% (0/2)" missing-branches="723,724"/>
						<line number="723" hits="0"/>
						<line number="724" hits="0" branch="true" condition-coverage="0% (0/2)" missing-branches="725,726"/>
						<line number="725" hits="0"/>
						<line number="726" hits="0" branch="true" condition-coverage="0% (0/2)" missing-branches="727,728"/>
						<line number="727" hits="0"/>
						<line number="728" hits="0" branch="true" condition-coverage="0% (0/2)" missing-branches="729,730"/>
						<line number="729" hits="0"/>
						<line number="730" hits="0" branch="true" condition-coverage="0% (0/2)" missing-branches="731,733"/>
						<line number="731" hits="0"/>
						<line number="733" hits="0" branch="true" condition-coverage="0% (0/2)" missing-branches="734,736"/>
						<line number="734" hits="0"/>
						<line number="735" hits="0"/>
						<line number="736" hits="0" branch="true" condition-coverage="0% (0/2)" missing-branches="737,740"/>
						<line number="737" hits="0"/>
						<line number="738" hits="0"/>
						<line number="740" hits="0"/>
						<line number="742" hits="1"/>
						<line number="745" hits="0"/>
						<line number="747" hits="0"/>
						<line number="749" hits="0"/>
						<line number="760" hits="0"/>
						<line number="761" hits="0"/>
						<line number="762" hits="0"/>
						<line number="763" hits="0"/>
						<line number="764" hits="0"/>
						<line number="765" hits="0"/>
						<line number="769" hits="0"/>
						<line number="770" hits="0" branch="true" condition-coverage="0% (0/2)" missing-branches="771,773"/>
						<line number="771" hits="0"/>
						<line number="773" hits="0"/>
						<line number="774" hits="0"/>
						<line number="775" hits="0"/>
						<line number="776" hits="0"/>
						<line number="777" hits="0"/>
						<line number="779" hits="0"/>
						<line number="781" hits="1"/>
						<line number="784" hits="0"/>
						<line number="785" hits="0"/>
						<line number="786" hits="0"/>
						<line number="789" hits="1"/>
						<line number="792" hits="0"/>
						<line number="793" hits="0" branch="true" condition-coverage="0% (0/2)" missing-branches="794,802"/>
						<line number="794" hits="0" branch="true" condition-coverage="0% (0/2)" missing-branches="795,797"/>
						<line number="795" hits="0"/>
						<line number="796" hits="0"/>
						<line number="797" hits="0"/>
						<line number="798" hits="0" branch="true" condition-coverage="0% (0/2)" missing-branches="799,801"/>
						<line number="799" hits="0"/>
						<line number="801" hits="0"/>
						<line number="802" hits="0"/>
						<line number="805" hits="1"/>
					</lines>
				</class>
				<class name="contacts.py" filename="hotpass/contacts.py" complexity="0" line-rate="0.1687" branch-rate="0">
					<methods/>
					<lines>
						<line number="3" hits="1"/>
						<line number="5" hits="1"/>
						<line number="6" hits="1"/>
						<line number="8" hits="1"/>
						<line number="10" hits="1"/>
						<line number="17" hits="1"/>
						<line number="19" hits="1"/>
						<line number="20" hits="1"/>
						<line number="23" hits="1"/>
						<line number="24" hits="1"/>
						<line number="27" hits="1"/>
						<line number="28" hits="1"/>
						<line number="29" hits="1"/>
						<line number="30" hits="1"/>
						<line number="31" hits="1"/>
						<line number="32" hits="1"/>
						<line number="33" hits="1"/>
						<line number="34" hits="1"/>
						<line number="35" hits="1"/>
						<line number="36" hits="1"/>
						<line number="37" hits="1"/>
						<line number="38" hits="1"/>
						<line number="39" hits="1"/>
						<line number="40" hits="1"/>
						<line number="41" hits="1"/>
						<line number="42" hits="1"/>
						<line number="44" hits="1"/>
						<line number="46" hits="0"/>
						<line number="69" hits="1"/>
						<line number="70" hits="1"/>
						<line number="72" hits="0"/>
						<line number="88" hits="0"/>
						<line number="89" hits="0" branch="true" condition-coverage="0% (0/2)" missing-branches="90,117"/>
						<line number="90" hits="0"/>
						<line number="91" hits="0" branch="true" condition-coverage="0% (0/2)" missing-branches="92,97"/>
						<line number="92" hits="0"/>
						<line number="93" hits="0"/>
						<line number="94" hits="0"/>
						<line number="95" hits="0"/>
						<line number="97" hits="0"/>
						<line number="98" hits="0"/>
						<line number="99" hits="0"/>
						<line number="100" hits="0" branch="true" condition-coverage="0% (0/2)" missing-branches="101,108"/>
						<line number="101" hits="0" branch="true" condition-coverage="0% (0/2)" missing-branches="102,104"/>
						<line number="102" hits="0"/>
						<line number="104" hits="0"/>
						<line number="105" hits="0"/>
						<line number="106" hits="0"/>
						<line number="107" hits="0"/>
						<line number="108" hits="0"/>
						<line number="117" hits="0"/>
						<line number="118" hits="0" branch="true" condition-coverage="0% (0/2)" missing-branches="119,136"/>
						<line number="119" hits="0"/>
						<line number="120" hits="0" branch="true" condition-coverage="0% (0/2)" missing-branches="121,126"/>
						<line number="121" hits="0"/>
						<line number="122" hits="0"/>
						<line number="123" hits="0"/>
						<line number="124" hits="0"/>
						<line number="126" hits="0"/>
						<line number="127" hits="0"/>
						<line number="136" hits="0"/>
						<line number="138" hits="1"/>
						<line number="140" hits="0"/>
						<line number="141" hits="0"/>
						<line number="142" hits="0"/>
						<line number="143" hits="0"/>
						<line number="144" hits="0" branch="true" condition-coverage="0% (0/2)" missing-branches="145,152"/>
						<line number="145" hits="0"/>
						<line number="146" hits="0" branch="true" condition-coverage="0% (0/2)" missing-branches="147,148"/>
						<line number="147" hits="0"/>
						<line number="148" hits="0" branch="true" condition-coverage="0% (0/2)" missing-branches="149,150"/>
						<line number="149" hits="0"/>
						<line number="150" hits="0" branch="true" condition-coverage="0% (0/2)" missing-branches="151,152"/>
						<line number="151" hits="0"/>
						<line number="152" hits="0" branch="true" condition-coverage="0% (0/2)" missing-branches="153,160"/>
						<line number="153" hits="0"/>
						<line number="154" hits="0" branch="true" condition-coverage="0% (0/2)" missing-branches="155,156"/>
						<line number="155" hits="0"/>
						<line number="156" hits="0" branch="true" condition-coverage="0% (0/2)" missing-branches="157,158"/>
						<line number="157" hits="0"/>
						<line number="158" hits="0" branch="true" condition-coverage="0% (0/2)" missing-branches="159,160"/>
						<line number="159" hits="0"/>
						<line number="160" hits="0" branch="true" condition-coverage="0% (0/2)" missing-branches="161,162"/>
						<line number="161" hits="0"/>
						<line number="162" hits="0"/>
						<line number="163" hits="0"/>
						<line number="166" hits="1"/>
						<line number="167" hits="1"/>
						<line number="170" hits="1"/>
						<line number="171" hits="1"/>
						<line number="173" hits="1"/>
						<line number="175" hits="0"/>
						<line number="177" hits="1"/>
						<line number="179" hits="0"/>
						<line number="180" hits="0" branch="true" condition-coverage="0% (0/2)" missing-branches="181,182"/>
						<line number="181" hits="0"/>
						<line number="182" hits="0" branch="true" condition-coverage="0% (0/2)" missing-branches="183,184"/>
						<line number="183" hits="0"/>
						<line number="184" hits="0"/>
						<line number="186" hits="1"/>
						<line number="188" hits="0"/>
						<line number="190" hits="1"/>
						<line number="192" hits="0"/>
						<line number="193" hits="0"/>
						<line number="195" hits="1"/>
						<line number="197" hits="0"/>
						<line number="198" hits="0"/>
						<line number="200" hits="1"/>
						<line number="211" hits="0" branch="true" condition-coverage="0% (0/2)" missing-branches="212,213"/>
						<line number="212" hits="0"/>
						<line number="213" hits="0"/>
						<line number="214" hits="0"/>
						<line number="225" hits="0"/>
						<line number="226" hits="0"/>
						<line number="227" hits="0"/>
						<line number="228" hits="0"/>
						<line number="229" hits="0"/>
						<line number="230" hits="0" branch="true" condition-coverage="0% (0/2)" missing-branches="231,301"/>
						<line number="231" hits="0"/>
						<line number="232" hits="0"/>
						<line number="233" hits="0" branch="true" condition-coverage="0% (0/2)" missing-branches="234,235"/>
						<line number="234" hits="0"/>
						<line number="235" hits="0"/>
						<line number="236" hits="0"/>
						<line number="237" hits="0" branch="true" condition-coverage="0% (0/2)" missing-branches="238,243"/>
						<line number="238" hits="0"/>
						<line number="239" hits="0" branch="true" condition-coverage="0% (0/2)" missing-branches="240,243"/>
						<line number="240" hits="0" branch="true" condition-coverage="0% (0/2)" missing-branches="239,241"/>
						<line number="241" hits="0"/>
						<line number="242" hits="0"/>
						<line number="243" hits="0"/>
						<line number="246" hits="0"/>
						<line number="249" hits="0"/>
						<line number="250" hits="0"/>
						<line number="251" hits="0" branch="true" condition-coverage="0% (0/2)" missing-branches="255,256"/>
						<line number="255" hits="0"/>
						<line number="256" hits="0" branch="true" condition-coverage="0% (0/2)" missing-branches="260,261"/>
						<line number="260" hits="0"/>
						<line number="261" hits="0"/>
						<line number="262" hits="0" branch="true" condition-coverage="0% (0/2)" missing-branches="263,277"/>
						<line number="263" hits="0"/>
						<line number="267" hits="0" branch="true" condition-coverage="0% (0/2)" missing-branches="268,272"/>
						<line number="268" hits="0" branch="true" condition-coverage="0% (0/2)" missing-branches="269,270"/>
						<line number="269" hits="0"/>
						<line number="270" hits="0" branch="true" condition-coverage="0% (0/2)" missing-branches="271,272"/>
						<line number="271" hits="0"/>
						<line number="272" hits="0" branch="true" condition-coverage="0% (0/2)" missing-branches="273,277"/>
						<line number="273" hits="0" branch="true" condition-coverage="0% (0/2)" missing-branches="274,275"/>
						<line number="274" hits="0"/>
						<line number="275" hits="0" branch="true" condition-coverage="0% (0/2)" missing-branches="276,277"/>
						<line number="276" hits="0"/>
						<line number="277" hits="0"/>
						<line number="278" hits="0"/>
						<line number="279" hits="0"/>
						<line number="280" hits="0"/>
						<line number="287" hits="0"/>
						<line number="288" hits="0"/>
						<line number="289" hits="0"/>
						<line number="296" hits="0"/>
						<line number="299" hits="0"/>
						<line number="301" hits="0"/>
						<line number="302" hits="0"/>
						<line number="303" hits="0" branch="true" condition-coverage="0% (0/2)" missing-branches="304,305"/>
						<line number="304" hits="0"/>
						<line number="305" hits="0" branch="true" condition-coverage="0% (0/2)" missing-branches="306,307"/>
						<line number="306" hits="0"/>
						<line number="307" hits="0"/>
						<line number="309" hits="0"/>
						<line number="316" hits="1"/>
						<line number="318" hits="0"/>
						<line number="319" hits="0"/>
						<line number="347" hits="0"/>
						<line number="348" hits="0" branch="true" condition-coverage="0% (0/2)" missing-branches="349,354"/>
						<line number="349" hits="0"/>
						<line number="350" hits="0"/>
						<line number="351" hits="0"/>
						<line number="352" hits="0"/>
						<line number="354" hits="0"/>
						<line number="355" hits="0"/>
						<line number="356" hits="0"/>
						<line number="357" hits="0"/>
						<line number="358" hits="0"/>
						<line number="359" hits="0"/>
						<line number="360" hits="0"/>
						<line number="361" hits="0"/>
						<line number="362" hits="0"/>
						<line number="365" hits="0"/>
						<line number="367" hits="0"/>
						<line number="368" hits="0"/>
						<line number="369" hits="0" branch="true" condition-coverage="0% (0/2)" missing-branches="370,371"/>
						<line number="370" hits="0"/>
						<line number="371" hits="0"/>
						<line number="373" hits="0" branch="true" condition-coverage="0% (0/2)" missing-branches="374,403"/>
						<line number="374" hits="0"/>
						<line number="379" hits="0"/>
						<line number="384" hits="0"/>
						<line number="389" hits="0"/>
						<line number="391" hits="0"/>
						<line number="392" hits="0" branch="true" condition-coverage="0% (0/2)" missing-branches="393,394"/>
						<line number="393" hits="0"/>
						<line number="394" hits="0"/>
						<line number="396" hits="0"/>
						<line number="403" hits="0"/>
						<line number="404" hits="0"/>
						<line number="405" hits="0"/>
						<line number="406" hits="0"/>
						<line number="408" hits="0"/>
						<line number="411" hits="1"/>
						<line number="422" hits="0"/>
						<line number="423" hits="0"/>
						<line number="424" hits="0"/>
						<line number="426" hits="0" branch="true" condition-coverage="0% (0/2)" missing-branches="427,475"/>
						<line number="427" hits="0"/>
						<line number="428" hits="0"/>
						<line number="429" hits="0"/>
						<line number="430" hits="0"/>
						<line number="431" hits="0" branch="true" condition-coverage="0% (0/2)" missing-branches="432,433"/>
						<line number="432" hits="0"/>
						<line number="433" hits="0" branch="true" condition-coverage="0% (0/2)" missing-branches="434,435"/>
						<line number="434" hits="0"/>
						<line number="435" hits="0" branch="true" condition-coverage="0% (0/2)" missing-branches="436,437"/>
						<line number="436" hits="0"/>
						<line number="437" hits="0" branch="true" condition-coverage="0% (0/2)" missing-branches="438,439"/>
						<line number="438" hits="0"/>
						<line number="439" hits="0"/>
						<line number="440" hits="0" branch="true" condition-coverage="0% (0/2)" missing-branches="426,441"/>
						<line number="441" hits="0"/>
						<line number="442" hits="0"/>
						<line number="443" hits="0"/>
						<line number="444" hits="0"/>
						<line number="445" hits="0" branch="true" condition-coverage="0% (0/2)" missing-branches="446,447"/>
						<line number="446" hits="0"/>
						<line number="447" hits="0"/>
						<line number="456" hits="0"/>
						<line number="457" hits="0"/>
						<line number="458" hits="0"/>
						<line number="459" hits="0"/>
						<line number="460" hits="0"/>
						<line number="465" hits="0"/>
						<line number="466" hits="0"/>
						<line number="467" hits="0"/>
						<line number="468" hits="0" branch="true" condition-coverage="0% (0/2)" missing-branches="469,470"/>
						<line number="469" hits="0"/>
						<line number="470" hits="0" branch="true" condition-coverage="0% (0/2)" missing-branches="471,472"/>
						<line number="471" hits="0"/>
						<line number="472" hits="0"/>
						<line number="473" hits="0"/>
						<line number="475" hits="0"/>
						<line number="479" hits="0"/>
					</lines>
				</class>
				<class name="dashboard.py" filename="hotpass/dashboard.py" complexity="0" line-rate="0.16" branch-rate="0.025">
					<methods/>
					<lines>
						<line number="7" hits="1"/>
						<line number="9" hits="1"/>
						<line number="10" hits="1"/>
						<line number="11" hits="1"/>
						<line number="12" hits="1"/>
						<line number="13" hits="1"/>
						<line number="14" hits="1"/>
						<line number="15" hits="1"/>
						<line number="17" hits="1"/>
						<line number="18" hits="1"/>
						<line number="20" hits="1"/>
						<line number="21" hits="1"/>
						<line number="22" hits="1"/>
						<line number="25" hits="1"/>
						<line number="26" hits="1"/>
						<line number="27" hits="1"/>
						<line number="29" hits="1"/>
						<line number="30" hits="1"/>
						<line number="31" hits="1"/>
						<line number="32" hits="1"/>
						<line number="35" hits="1"/>
						<line number="36" hits="1"/>
						<line number="41" hits="1"/>
						<line number="58" hits="1"/>
						<line number="61" hits="0"/>
						<line number="62" hits="0" branch="true" condition-coverage="0% (0/2)" missing-branches="63,65"/>
						<line number="63" hits="0"/>
						<line number="65" hits="0"/>
						<line number="67" hits="0"/>
						<line number="68" hits="0" branch="true" condition-coverage="0% (0/2)" missing-branches="69,72"/>
						<line number="69" hits="0" branch="true" condition-coverage="0% (0/2)" missing-branches="70,71"/>
						<line number="70" hits="0"/>
						<line number="71" hits="0"/>
						<line number="72" hits="0"/>
						<line number="75" hits="1"/>
						<line number="80" hits="0"/>
						<line number="81" hits="0"/>
						<line number="82" hits="0" branch="true" condition-coverage="0% (0/2)" missing-branches="83,91"/>
						<line number="83" hits="0"/>
						<line number="84" hits="0"/>
						<line number="85" hits="0"/>
						<line number="86" hits="0"/>
						<line number="87" hits="0"/>
						<line number="88" hits="0"/>
						<line number="89" hits="0"/>
						<line number="91" hits="0"/>
						<line number="92" hits="0"/>
						<line number="97" hits="1"/>
						<line number="100" hits="0"/>
						<line number="101" hits="0"/>
						<line number="102" hits="0"/>
						<line number="105" hits="1"/>
						<line number="108" hits="0"/>
						<line number="109" hits="0"/>
						<line number="110" hits="0"/>
						<line number="113" hits="1"/>
						<line number="116" hits="0"/>
						<line number="117" hits="0" branch="true" condition-coverage="0% (0/2)" missing-branches="118,120"/>
						<line number="118" hits="0"/>
						<line number="120" hits="0" branch="true" condition-coverage="0% (0/2)" missing-branches="121,123"/>
						<line number="121" hits="0"/>
						<line number="123" hits="0"/>
						<line number="124" hits="0"/>
						<line number="127" hits="0"/>
						<line number="129" hits="0" branch="true" condition-coverage="0% (0/2)" missing-branches="130,136"/>
						<line number="130" hits="0" branch="true" condition-coverage="0% (0/2)" missing-branches="131,134"/>
						<line number="131" hits="0"/>
						<line number="132" hits="0"/>
						<line number="133" hits="0"/>
						<line number="134" hits="0"/>
						<line number="136" hits="0"/>
						<line number="137" hits="0"/>
						<line number="140" hits="1"/>
						<line number="149" hits="0" branch="true" condition-coverage="0% (0/2)" missing-branches="150,152"/>
						<line number="150" hits="0"/>
						<line number="152" hits="0"/>
						<line number="153" hits="0"/>
						<line number="155" hits="0" branch="true" condition-coverage="0% (0/2)" missing-branches="156,158"/>
						<line number="156" hits="0"/>
						<line number="158" hits="0"/>
						<line number="159" hits="0" branch="true" condition-coverage="0% (0/2)" missing-branches="160,162"/>
						<line number="160" hits="0" branch="true" condition-coverage="0% (0/2)" missing-branches="159,161"/>
						<line number="161" hits="0"/>
						<line number="162" hits="0"/>
						<line number="165" hits="1"/>
						<line number="172" hits="0"/>
						<line number="173" hits="0"/>
						<line number="175" hits="0"/>
						<line number="176" hits="0"/>
						<line number="177" hits="0"/>
						<line number="180" hits="1"/>
						<line number="182" hits="0"/>
						<line number="187" hits="0"/>
						<line number="188" hits="0"/>
						<line number="190" hits="0" branch="true" condition-coverage="0% (0/2)" missing-branches="191,193"/>
						<line number="191" hits="0"/>
						<line number="193" hits="0"/>
						<line number="195" hits="0"/>
						<line number="197" hits="0"/>
						<line number="203" hits="0"/>
						<line number="209" hits="0"/>
						<line number="215" hits="0"/>
						<line number="223" hits="0"/>
						<line number="225" hits="0"/>
						<line number="226" hits="0"/>
						<line number="228" hits="0"/>
						<line number="230" hits="0"/>
						<line number="231" hits="0"/>
						<line number="233" hits="0"/>
						<line number="234" hits="0"/>
						<line number="236" hits="0" branch="true" condition-coverage="0% (0/2)" missing-branches="237,334"/>
						<line number="237" hits="0"/>
[...]
						<line number="168" hits="0"/>
						<line number="169" hits="0" branch="true" condition-coverage="0% (0/2)" missing-branches="170,171"/>
						<line number="170" hits="0"/>
						<line number="171" hits="0" branch="true" condition-coverage="0% (0/2)" missing-branches="172,173"/>
						<line number="172" hits="0"/>
						<line number="173" hits="0" branch="true" condition-coverage="0% (0/2)" missing-branches="174,175"/>
						<line number="174" hits="0"/>
						<line number="175" hits="0" branch="true" condition-coverage="0% (0/2)" missing-branches="176,177"/>
						<line number="176" hits="0"/>
						<line number="177" hits="0" branch="true" condition-coverage="0% (0/2)" missing-branches="178,179"/>
						<line number="178" hits="0"/>
						<line number="179" hits="0" branch="true" condition-coverage="0% (0/2)" missing-branches="180,181"/>
						<line number="180" hits="0"/>
						<line number="181" hits="0" branch="true" condition-coverage="0% (0/2)" missing-branches="182,183"/>
						<line number="182" hits="0"/>
						<line number="183" hits="0" branch="true" condition-coverage="0% (0/2)" missing-branches="184,185"/>
						<line number="184" hits="0"/>
						<line number="185" hits="0" branch="true" condition-coverage="0% (0/2)" missing-branches="186,187"/>
						<line number="186" hits="0"/>
						<line number="187" hits="0" branch="true" condition-coverage="0% (0/2)" missing-branches="188,189"/>
						<line number="188" hits="0"/>
						<line number="189" hits="0" branch="true" condition-coverage="0% (0/2)" missing-branches="190,191"/>
						<line number="190" hits="0"/>
						<line number="191" hits="0" branch="true" condition-coverage="0% (0/2)" missing-branches="192,193"/>
						<line number="192" hits="0"/>
						<line number="193" hits="0" branch="true" condition-coverage="0% (0/2)" missing-branches="194,195"/>
						<line number="194" hits="0"/>
						<line number="195" hits="0" branch="true" condition-coverage="0% (0/2)" missing-branches="196,200"/>
						<line number="196" hits="0"/>
						<line number="197" hits="0"/>
						<line number="200" hits="0" branch="true" condition-coverage="0% (0/2)" missing-branches="201,202"/>
						<line number="201" hits="0"/>
						<line number="202" hits="0" branch="true" condition-coverage="0% (0/2)" missing-branches="203,204"/>
						<line number="203" hits="0"/>
						<line number="204" hits="0" branch="true" condition-coverage="0% (0/2)" missing-branches="205,206"/>
						<line number="205" hits="0"/>
						<line number="206" hits="0"/>
						<line number="209" hits="1"/>
						<line number="210" hits="1"/>
						<line number="213" hits="1"/>
						<line number="214" hits="1"/>
						<line number="215" hits="1"/>
						<line number="216" hits="1"/>
						<line number="217" hits="1"/>
						<line number="219" hits="1"/>
						<line number="220" hits="0"/>
						<line number="227" hits="0"/>
						<line number="228" hits="0"/>
						<line number="230" hits="1"/>
						<line number="231" hits="0"/>
						<line number="232" hits="0"/>
						<line number="233" hits="0"/>
						<line number="234" hits="0" branch="true" condition-coverage="0% (0/2)" missing-branches="235,236"/>
						<line number="235" hits="0"/>
						<line number="236" hits="0" branch="true" condition-coverage="0% (0/2)" missing-branches="237,238"/>
						<line number="237" hits="0"/>
						<line number="238" hits="0" branch="true" condition-coverage="0% (0/2)" missing-branches="239,240"/>
						<line number="239" hits="0"/>
						<line number="240" hits="0"/>
						<line number="241" hits="0"/>
						<line number="244" hits="1"/>
						<line number="245" hits="1"/>
						<line number="248" hits="1"/>
						<line number="249" hits="1"/>
						<line number="250" hits="1"/>
						<line number="251" hits="1"/>
						<line number="252" hits="1"/>
						<line number="254" hits="1"/>
						<line number="255" hits="0"/>
						<line number="264" hits="1"/>
						<line number="265" hits="1"/>
						<line number="268" hits="1"/>
						<line number="269" hits="1"/>
						<line number="270" hits="1"/>
						<line number="272" hits="1"/>
						<line number="273" hits="0"/>
						<line number="288" hits="1"/>
						<line number="291" hits="1"/>
						<line number="305" hits="0"/>
						<line number="306" hits="0"/>
						<line number="307" hits="0" branch="true" condition-coverage="0% (0/2)" missing-branches="308,309"/>
						<line number="308" hits="0"/>
						<line number="309" hits="0"/>
						<line number="310" hits="0"/>
						<line number="311" hits="0"/>
						<line number="312" hits="0"/>
						<line number="313" hits="0"/>
						<line number="314" hits="0"/>
						<line number="315" hits="0"/>
						<line number="316" hits="0"/>
						<line number="318" hits="1"/>
						<line number="321" hits="0"/>
						<line number="322" hits="0" branch="true" condition-coverage="0% (0/2)" missing-branches="323,334"/>
						<line number="323" hits="0"/>
						<line number="324" hits="0" branch="true" condition-coverage="0% (0/2)" missing-branches="325,326"/>
						<line number="325" hits="0"/>
						<line number="326" hits="0"/>
						<line number="334" hits="0"/>
						<line number="336" hits="1"/>
						<line number="339" hits="0" branch="true" condition-coverage="0% (0/2)" missing-branches="340,342"/>
						<line number="340" hits="0"/>
						<line number="342" hits="0" branch="true" condition-coverage="0% (0/2)" missing-branches="343,345"/>
						<line number="343" hits="0"/>
						<line number="345" hits="0"/>
						<line number="346" hits="0"/>
						<line number="347" hits="0"/>
						<line number="349" hits="0" branch="true" condition-coverage="0% (0/2)" missing-branches="350,360"/>
						<line number="350" hits="0"/>
						<line number="351" hits="0"/>
						<line number="352" hits="0" branch="true" condition-coverage="0% (0/2)" missing-branches="353,357"/>
						<line number="353" hits="0"/>
						<line number="354" hits="0" branch="true" condition-coverage="0% (0/2)" missing-branches="352,355"/>
						<line number="355" hits="0"/>
						<line number="356" hits="0"/>
						<line number="357" hits="0" branch="true" condition-coverage="0% (0/2)" missing-branches="349,358"/>
						<line number="358" hits="0"/>
						<line number="360" hits="0"/>
						<line number="361" hits="0"/>
						<line number="367" hits="1"/>
						<line number="368" hits="0"/>
						<line number="369" hits="0"/>
						<line number="370" hits="0" branch="true" condition-coverage="0% (0/2)" missing-branches="371,375"/>
						<line number="371" hits="0"/>
						<line number="372" hits="0"/>
						<line number="373" hits="0"/>
						<line number="375" hits="0"/>
						<line number="376" hits="0"/>
						<line number="377" hits="0"/>
						<line number="378" hits="0"/>
						<line number="379" hits="0"/>
						<line number="381" hits="0"/>
						<line number="382" hits="0"/>
						<line number="383" hits="0"/>
						<line number="384" hits="0"/>
						<line number="385" hits="0"/>
						<line number="401" hits="0"/>
						<line number="407" hits="0"/>
						<line number="408" hits="0"/>
						<line number="409" hits="0"/>
						<line number="421" hits="0"/>
						<line number="422" hits="0"/>
						<line number="423" hits="0"/>
						<line number="424" hits="0"/>
						<line number="426" hits="1"/>
						<line number="427" hits="0"/>
						<line number="428" hits="0"/>
						<line number="429" hits="0" branch="true" condition-coverage="0% (0/2)" missing-branches="430,445"/>
						<line number="430" hits="0" branch="true" condition-coverage="0% (0/2)" missing-branches="431,432"/>
						<line number="431" hits="0"/>
						<line number="432" hits="0"/>
						<line number="433" hits="0"/>
						<line number="434" hits="0" branch="true" condition-coverage="0% (0/2)" missing-branches="435,436"/>
						<line number="435" hits="0"/>
						<line number="436" hits="0"/>
						<line number="445" hits="0"/>
						<line number="447" hits="1"/>
						<line number="448" hits="0" branch="true" condition-coverage="0% (0/2)" missing-branches="449,450"/>
						<line number="449" hits="0"/>
						<line number="450" hits="0"/>
						<line number="451" hits="0"/>
						<line number="452" hits="0"/>
						<line number="456" hits="0"/>
						<line number="460" hits="1"/>
						<line number="461" hits="0" branch="true" condition-coverage="0% (0/2)" missing-branches="462,463"/>
						<line number="462" hits="0"/>
						<line number="463" hits="0"/>
						<line number="464" hits="0" branch="true" condition-coverage="0% (0/2)" missing-branches="465,466"/>
						<line number="465" hits="0"/>
						<line number="466" hits="0"/>
						<line number="467" hits="0"/>
						<line number="471" hits="0"/>
						<line number="472" hits="0" branch="true" condition-coverage="0% (0/2)" missing-branches="473,474"/>
						<line number="473" hits="0"/>
						<line number="474" hits="0"/>
						<line number="475" hits="0" branch="true" condition-coverage="0% (0/2)" missing-branches="476,477"/>
						<line number="476" hits="0"/>
						<line number="477" hits="0"/>
						<line number="478" hits="0" branch="true" condition-coverage="0% (0/2)" missing-branches="479,480"/>
						<line number="479" hits="0"/>
						<line number="480" hits="0"/>
						<line number="482" hits="1"/>
						<line number="483" hits="0"/>
						<line number="484" hits="0" branch="true" condition-coverage="0% (0/2)" missing-branches="485,487"/>
						<line number="485" hits="0"/>
						<line number="486" hits="0"/>
						<line number="487" hits="0"/>
						<line number="488" hits="0" branch="true" condition-coverage="0% (0/2)" missing-branches="489,501"/>
						<line number="489" hits="0" branch="true" condition-coverage="0% (0/2)" missing-branches="490,491"/>
						<line number="490" hits="0"/>
						<line number="491" hits="0" branch="true" condition-coverage="0% (0/2)" missing-branches="492,494"/>
						<line number="492" hits="0"/>
						<line number="494" hits="0"/>
						<line number="495" hits="0" branch="true" condition-coverage="0% (0/2)" missing-branches="496,497"/>
						<line number="496" hits="0"/>
						<line number="497" hits="0" branch="true" condition-coverage="0% (0/2)" missing-branches="498,501"/>
						<line number="498" hits="0"/>
						<line number="499" hits="0"/>
						<line number="500" hits="0"/>
						<line number="501" hits="0" branch="true" condition-coverage="0% (0/2)" missing-branches="502,505"/>
						<line number="502" hits="0"/>
						<line number="503" hits="0" branch="true" condition-coverage="0% (0/2)" missing-branches="504,505"/>
						<line number="504" hits="0"/>
						<line number="505" hits="0"/>
						<line number="507" hits="1"/>
						<line number="508" hits="0" branch="true" condition-coverage="0% (0/2)" missing-branches="509,510"/>
						<line number="509" hits="0"/>
						<line number="510" hits="0"/>
						<line number="512" hits="1"/>
						<line number="513" hits="0"/>
						<line number="514" hits="0" branch="true" condition-coverage="0% (0/2)" missing-branches="515,516"/>
						<line number="515" hits="0"/>
						<line number="516" hits="0" branch="true" condition-coverage="0% (0/2)" missing-branches="517,522"/>
						<line number="517" hits="0"/>
						<line number="518" hits="0"/>
						<line number="519" hits="0" branch="true" condition-coverage="0% (0/2)" missing-branches="520,521"/>
						<line number="520" hits="0"/>
						<line number="521" hits="0"/>
						<line number="522" hits="0"/>
						<line number="524" hits="1"/>
						<line number="532" hits="0" branch="true" condition-coverage="0% (0/2)" missing-branches="533,534"/>
						<line number="533" hits="0"/>
						<line number="534" hits="0"/>
						<line number="542" hits="1"/>
						<line number="543" hits="0" branch="true" condition-coverage="0% (0/2)" missing-branches="544,545"/>
						<line number="544" hits="0"/>
						<line number="545" hits="0"/>
						<line number="547" hits="1"/>
						<line number="548" hits="0" branch="true" condition-coverage="0% (0/2)" missing-branches="549,550"/>
						<line number="549" hits="0"/>
						<line number="550" hits="0"/>
						<line number="552" hits="1"/>
						<line number="553" hits="1"/>
						<line number="554" hits="0"/>
						<line number="568" hits="1"/>
						<line number="569" hits="0"/>
						<line number="570" hits="0"/>
						<line number="573" hits="1"/>
						<line number="574" hits="0" branch="true" condition-coverage="0% (0/2)" missing-branches="575,576"/>
						<line number="575" hits="0"/>
						<line number="576" hits="0" branch="true" condition-coverage="0% (0/2)" missing-branches="577,578"/>
						<line number="577" hits="0"/>
						<line number="578" hits="0"/>
						<line number="579" hits="0" branch="true" condition-coverage="0% (0/2)" missing-branches="580,583"/>
						<line number="580" hits="0"/>
						<line number="581" hits="0" branch="true" condition-coverage="0% (0/2)" missing-branches="579,582"/>
						<line number="582" hits="0"/>
						<line number="583" hits="0"/>
						<line number="586" hits="1"/>
						<line number="587" hits="0"/>
						<line number="588" hits="0" branch="true" condition-coverage="0% (0/2)" missing-branches="589,590"/>
						<line number="589" hits="0"/>
						<line number="590" hits="0" branch="true" condition-coverage="0% (0/2)" missing-branches="591,592"/>
						<line number="591" hits="0"/>
						<line number="592" hits="0"/>
						<line number="595" hits="1"/>
						<line number="596" hits="0"/>
						<line number="597" hits="0" branch="true" condition-coverage="0% (0/2)" missing-branches="598,599"/>
						<line number="598" hits="0"/>
						<line number="599" hits="0"/>
						<line number="602" hits="1"/>
						<line number="603" hits="0"/>
						<line number="604" hits="0"/>
						<line number="609" hits="1"/>
						<line number="610" hits="0"/>
						<line number="611" hits="0"/>
						<line number="614" hits="1"/>
						<line number="624" hits="1"/>
					</lines>
				</class>
			</classes>
		</package>
		<package name="hotpass.storage" line-rate="0.5203" branch-rate="0" complexity="0">
			<classes>
				<class name="__init__.py" filename="hotpass/storage/__init__.py" complexity="0" line-rate="1" branch-rate="1">
					<methods/>
					<lines>
						<line number="3" hits="1"/>
						<line number="4" hits="1"/>
						<line number="5" hits="1"/>
						<line number="7" hits="1"/>
					</lines>
				</class>
				<class name="adapters.py" filename="hotpass/storage/adapters.py" complexity="0" line-rate="1" branch-rate="1">
					<methods/>
					<lines>
						<line number="3" hits="1"/>
						<line number="5" hits="1"/>
						<line number="6" hits="1"/>
						<line number="7" hits="1"/>
						<line number="8" hits="1"/>
						<line number="9" hits="1"/>
						<line number="11" hits="1"/>
						<line number="12" hits="1"/>
						<line number="15" hits="1"/>
						<line number="29" hits="1"/>
						<line number="30" hits="1"/>
						<line number="33" hits="1"/>
						<line number="34" hits="1"/>
						<line number="37" hits="1"/>
						<line number="38" hits="1"/>
					</lines>
				</class>
				<class name="dataset.py" filename="hotpass/storage/dataset.py" complexity="0" line-rate="0.4595" branch-rate="0">
					<methods/>
					<lines>
						<line number="3" hits="1"/>
						<line number="5" hits="1"/>
						<line number="6" hits="1"/>
						<line number="7" hits="1"/>
						<line number="8" hits="1"/>
						<line number="9" hits="1"/>
						<line number="11" hits="1"/>
						<line number="12" hits="1"/>
						<line number="13" hits="1"/>
						<line number="15" hits="1"/>
						<line number="18" hits="1"/>
						<line number="19" hits="1"/>
						<line number="22" hits="1"/>
						<line number="23" hits="1"/>
						<line number="24" hits="1"/>
						<line number="25" hits="1"/>
						<line number="28" hits="1"/>
						<line number="31" hits="1"/>
						<line number="32" hits="0"/>
						<line number="33" hits="0"/>
						<line number="35" hits="1"/>
						<line number="36" hits="1"/>
						<line number="37" hits="0"/>
						<line number="38" hits="0"/>
						<line number="39" hits="0"/>
						<line number="40" hits="0"/>
						<line number="42" hits="1"/>
						<line number="43" hits="1"/>
						<line number="44" hits="0"/>
						<line number="45" hits="0"/>
						<line number="46" hits="0"/>
						<line number="47" hits="0"/>
						<line number="49" hits="1"/>
						<line number="50" hits="1"/>
						<line number="51" hits="0"/>
						<line number="53" hits="1"/>
						<line number="56" hits="0"/>
						<line number="58" hits="1"/>
						<line number="59" hits="0"/>
						<line number="65" hits="0"/>
						<line number="67" hits="1"/>
						<line number="68" hits="0"/>
						<line number="69" hits="0"/>
						<line number="70" hits="0"/>
						<line number="71" hits="0"/>
						<line number="73" hits="1"/>
						<line number="74" hits="0"/>
						<line number="76" hits="1"/>
						<line number="77" hits="0"/>
						<line number="79" hits="1"/>
						<line number="80" hits="0"/>
						<line number="81" hits="0"/>
						<line number="82" hits="0" branch="true" condition-coverage="0% (0/2)" missing-branches="83,85"/>
						<line number="83" hits="0"/>
						<line number="85" hits="0"/>
						<line number="86" hits="0"/>
						<line number="88" hits="1"/>
						<line number="89" hits="0" branch="true" condition-coverage="0% (0/2)" missing-branches="90,91"/>
						<line number="90" hits="0"/>
						<line number="91" hits="0"/>
						<line number="92" hits="0"/>
						<line number="94" hits="1"/>
						<line number="95" hits="0" branch="true" condition-coverage="0% (0/2)" missing-branches="96,97"/>
						<line number="96" hits="0"/>
						<line number="97" hits="0"/>
						<line number="102" hits="0"/>
						<line number="104" hits="1"/>
						<line number="112" hits="0"/>
						<line number="113" hits="0"/>
						<line number="114" hits="0"/>
						<line number="115" hits="0"/>
						<line number="116" hits="0"/>
						<line number="117" hits="0"/>
						<line number="120" hits="1"/>
					</lines>
				</class>
				<class name="duckdb.py" filename="hotpass/storage/duckdb.py" complexity="0" line-rate="0.3667" branch-rate="0">
					<methods/>
					<lines>
						<line number="3" hits="1"/>
						<line number="5" hits="1"/>
						<line number="6" hits="1"/>
						<line number="8" hits="1"/>
						<line number="9" hits="1"/>
						<line number="10" hits="1"/>
						<line number="12" hits="1"/>
						<line number="15" hits="1"/>
						<line number="18" hits="1"/>
						<line number="19" hits="0"/>
						<line number="20" hits="0"/>
						<line number="21" hits="0"/>
						<line number="24" hits="0"/>
						<line number="25" hits="0"/>
						<line number="27" hits="1"/>
						<line number="28" hits="0" branch="true" condition-coverage="0% (0/2)" missing-branches="29,31"/>
						<line number="29" hits="0"/>
						<line number="30" hits="0"/>
						<line number="31" hits="0" branch="true" condition-coverage="0% (0/2)" missing-branches="32,33"/>
						<line number="32" hits="0"/>
						<line number="33" hits="0"/>
						<line number="34" hits="0"/>
						<line number="38" hits="0"/>
						<line number="40" hits="1"/>
						<line number="41" hits="0" branch="true" condition-coverage="0% (0/2)" missing-branches="42,44"/>
						<line number="42" hits="0"/>
						<line number="44" hits="0"/>
						<line number="45" hits="0"/>
						<line number="46" hits="0"/>
						<line number="49" hits="0"/>
					</lines>
				</class>
			</classes>
		</package>
		<package name="hotpass.transform" line-rate="1" branch-rate="1" complexity="0">
			<classes>
				<class name="__init__.py" filename="hotpass/transform/__init__.py" complexity="0" line-rate="1" branch-rate="1">
					<methods/>
					<lines>
						<line number="3" hits="1"/>
						<line number="15" hits="1"/>
					</lines>
				</class>
			</classes>
		</package>
	</packages>
</coverage>
