TN:
SF:src/components/feedback/ApiBanner.tsx
FN:47,ApiBanner
FNF:1
FNH:1
FNDA:5,ApiBanner
DA:10,2
DA:58,5
DA:60,5
LF:3
LH:3
BRDA:50,0,0,5
BRDA:71,1,0,5
BRDA:71,1,1,5
BRDA:76,2,0,5
BRDA:76,2,1,1
BRDA:82,3,0,5
BRDA:82,3,1,3
BRDA:87,4,0,3
BRDA:87,4,1,0
BRDA:93,5,0,5
BRDA:93,5,1,4
BRF:11
BRH:10
end_of_record
TN:
SF:src/components/feedback/FeedbackProvider.tsx
FN:25,FeedbackProvider
FN:28,(anonymous_1)
FN:29,(anonymous_2)
FN:29,(anonymous_3)
FN:33,(anonymous_4)
FN:42,(anonymous_5)
FN:45,(anonymous_6)
FN:54,(anonymous_7)
FN:65,(anonymous_8)
FN:76,(anonymous_9)
FN:89,useFeedback
FNF:11
FNH:11
FNDA:8,FeedbackProvider
FNDA:2,(anonymous_1)
FNDA:2,(anonymous_2)
FNDA:2,(anonymous_3)
FNDA:3,(anonymous_4)
FNDA:3,(anonymous_5)
FNDA:1,(anonymous_6)
FNDA:3,(anonymous_7)
FNDA:3,(anonymous_8)
FNDA:1,(anonymous_9)
FNDA:6,useFeedback
DA:23,1
DA:26,8
DA:28,8
DA:29,2
DA:32,8
DA:34,3
DA:35,3
DA:42,3
DA:44,3
DA:45,1
DA:48,3
DA:53,8
DA:54,3
DA:61,8
DA:66,3
DA:76,1
DA:90,6
DA:91,6
DA:92,2
DA:94,3
LF:20
LH:20
BRDA:34,0,0,3
BRDA:34,0,1,3
BRDA:44,1,0,1
BRDA:44,1,1,2
BRDA:91,2,0,2
BRDA:91,2,1,4
BRF:6
BRH:6
end_of_record
TN:
SF:src/components/ui/skeleton.tsx
FN:5,Skeleton
FNF:1
FNH:1
FNDA:7,Skeleton
DA:6,7
LF:1
LH:1
BRF:0
BRH:0
end_of_record
TN:
SF:src/hooks/useLLMConfig.ts
FN:9,fetchLLMConfig
FN:25,useLLMConfig
FN:33,useSelectedLLMProvider
FN:36,(anonymous_3)
FN:46,(anonymous_4)
FNF:5
FNH:4
FNDA:2,fetchLLMConfig
FNDA:0,useLLMConfig
FNDA:5,useSelectedLLMProvider
FNDA:2,(anonymous_3)
FNDA:1,(anonymous_4)
DA:6,1
DA:7,1
DA:10,2
DA:11,2
DA:12,1
DA:14,1
DA:15,1
DA:16,1
DA:18,2
DA:26,0
DA:34,5
DA:36,5
DA:37,2
DA:38,2
DA:39,2
DA:40,1
DA:41,1
DA:42,1
DA:46,5
DA:47,1
DA:48,1
DA:49,1
DA:52,5
LF:23
LH:22
BRDA:11,0,0,1
BRDA:11,0,1,1
BRDA:16,1,0,1
BRDA:16,1,1,0
BRDA:19,2,0,2
BRDA:19,2,1,0
BRDA:20,3,0,2
BRDA:20,3,1,0
BRDA:20,3,2,0
BRDA:21,4,0,2
BRDA:21,4,1,0
BRDA:37,5,0,0
BRDA:37,5,1,2
BRDA:39,6,0,1
BRDA:39,6,1,1
BRDA:41,7,0,1
BRDA:41,7,1,0
BRDA:47,8,0,0
BRDA:47,8,1,1
BRF:19
BRH:11
end_of_record
TN:
SF:src/hooks/useLineageTelemetry.ts
FN:15,isToday
FN:27,jobHasHotpassFacet
FN:30,(anonymous_2)
FN:33,summariseLineageJobs
FN:62,useLineageTelemetry
FN:65,(anonymous_5)
FNF:6
FNH:4
FNDA:2,isToday
FNDA:4,jobHasHotpassFacet
FNDA:3,(anonymous_2)
FNDA:1,summariseLineageJobs
FNDA:0,useLineageTelemetry
FNDA:0,(anonymous_5)
DA:13,1
DA:16,2
DA:17,2
DA:18,2
DA:19,2
DA:20,2
DA:28,4
DA:29,4
DA:30,3
DA:34,1
DA:35,1
DA:36,1
DA:38,1
DA:39,3
DA:40,3
DA:41,2
DA:42,2
DA:43,2
DA:44,1
DA:47,2
DA:48,1
DA:51,1
DA:55,1
DA:63,0
DA:66,0
DA:67,0
DA:69,0
LF:27
LH:23
BRDA:16,0,0,0
BRDA:16,0,1,2
BRDA:18,1,0,0
BRDA:18,1,1,2
BRDA:21,2,0,2
BRDA:21,2,1,2
BRDA:21,2,2,2
BRDA:29,3,0,1
BRDA:29,3,1,3
BRDA:40,4,0,2
BRDA:40,4,1,1
BRDA:41,5,0,2
BRDA:41,5,1,0
BRDA:41,6,0,2
BRDA:41,6,1,0
BRDA:43,7,0,1
BRDA:43,7,1,1
BRDA:43,8,0,2
BRDA:43,8,1,1
BRDA:47,9,0,1
BRDA:47,9,1,1
BRDA:62,10,0,0
BRF:22
BRH:17
end_of_record
TN:
SF:src/hooks/usePipelineRuns.ts
FN:7,(anonymous_0)
FN:26,usePipelineRuns
FN:29,(anonymous_2)
FNF:3
FNH:1
FNDA:3,(anonymous_0)
FNDA:0,usePipelineRuns
FNDA:0,(anonymous_2)
DA:4,1
DA:5,1
DA:7,1
DA:8,3
DA:15,3
DA:16,1
DA:19,2
DA:20,2
DA:21,1
DA:23,1
DA:27,0
DA:29,0
LF:12
LH:10
BRDA:7,0,0,3
BRDA:15,1,0,1
BRDA:15,1,1,2
BRDA:20,2,0,1
BRDA:20,2,1,1
BRDA:20,3,0,2
BRDA:20,3,1,2
BRDA:26,4,0,0
BRF:8
BRH:7
end_of_record
